Start testing: Aug 10 01:33 CST
----------------------------------------------------------
1/5 Testing: test_autoware_kalman_filter
1/5 Test: test_autoware_kalman_filter
Command: "/usr/bin/python3" "-u" "/opt/ros/humble/share/ament_cmake_ros/cmake/run_test_isolated.py" "/opt/ipg/carmaker/linux64-15.1/autoracer_hooke/cross_scene_heading_build_v2/autoware_kalman_filter/test_results/autoware_kalman_filter/test_autoware_kalman_filter.gtest.xml" "--package-name" "autoware_kalman_filter" "--output-file" "/opt/ipg/carmaker/linux64-15.1/autoracer_hooke/cross_scene_heading_build_v2/autoware_kalman_filter/ament_cmake_gtest/test_autoware_kalman_filter.txt" "--command" "/opt/ipg/carmaker/linux64-15.1/autoracer_hooke/cross_scene_heading_build_v2/autoware_kalman_filter/test_autoware_kalman_filter" "--gtest_output=xml:/opt/ipg/carmaker/linux64-15.1/autoracer_hooke/cross_scene_heading_build_v2/autoware_kalman_filter/test_results/autoware_kalman_filter/test_autoware_kalman_filter.gtest.xml"
Directory: /opt/ipg/carmaker/linux64-15.1/autoracer_hooke/cross_scene_heading_build_v2/autoware_kalman_filter
"test_autoware_kalman_filter" start time: Aug 10 01:33 CST
Output:
----------------------------------------------------------
Running with ROS_DOMAIN_ID 1
-- run_test.py: invoking following command in '/opt/ipg/carmaker/linux64-15.1/autoracer_hooke/cross_scene_heading_build_v2/autoware_kalman_filter':
 - /opt/ipg/carmaker/linux64-15.1/autoracer_hooke/cross_scene_heading_build_v2/autoware_kalman_filter/test_autoware_kalman_filter --gtest_output=xml:/opt/ipg/carmaker/linux64-15.1/autoracer_hooke/cross_scene_heading_build_v2/autoware_kalman_filter/test_results/autoware_kalman_filter/test_autoware_kalman_filter.gtest.xml
[==========] Running 14 tests from 2 test suites.
[----------] Global test environment set-up.
[----------] 6 tests from kalman_filter
[ RUN      ] kalman_filter.kf
[       OK ] kalman_filter.kf (2 ms)
[ RUN      ] kalman_filter.repeated_precise_updates_preserve_covariance_invariants
[       OK ] kalman_filter.repeated_precise_updates_preserve_covariance_invariants (2954 ms)
[ RUN      ] kalman_filter.invalid_innovation_covariance_does_not_modify_filter
[       OK ] kalman_filter.invalid_innovation_covariance_does_not_modify_filter (0 ms)
[ RUN      ] kalman_filter.state_mask_blocks_cross_gain_and_preserves_covariance_invariants
[       OK ] kalman_filter.state_mask_blocks_cross_gain_and_preserves_covariance_invariants (1 ms)
[ RUN      ] kalman_filter.all_one_state_mask_matches_unmasked_update
[       OK ] kalman_filter.all_one_state_mask_matches_unmasked_update (0 ms)
[ RUN      ] kalman_filter.state_mask_can_decorrelate_selected_and_unselected_states
[       OK ] kalman_filter.state_mask_can_decorrelate_selected_and_unselected_states (0 ms)
[----------] 6 tests from kalman_filter (2957 ms total)

[----------] 8 tests from time_delay_kalman_filter
[ RUN      ] time_delay_kalman_filter.td_kf
[       OK ] time_delay_kalman_filter.td_kf (1 ms)
[ RUN      ] time_delay_kalman_filter.delayed_state_mask_shields_unselected_state_across_history
[       OK ] time_delay_kalman_filter.delayed_state_mask_shields_unselected_state_across_history (0 ms)
[ RUN      ] time_delay_kalman_filter.position_only_standard_update_conditions_correlated_motion_state
[       OK ] time_delay_kalman_filter.position_only_standard_update_conditions_correlated_motion_state (0 ms)
[ RUN      ] time_delay_kalman_filter.schmidt_position_update_can_condition_velocity_without_yaw
[       OK ] time_delay_kalman_filter.schmidt_position_update_can_condition_velocity_without_yaw (1 ms)
[ RUN      ] time_delay_kalman_filter.non_delayed_tail_reduces_dimension_and_tracks_current_value
[       OK ] time_delay_kalman_filter.non_delayed_tail_reduces_dimension_and_tracks_current_value (3 ms)
[ RUN      ] time_delay_kalman_filter.delayed_measurement_uses_delayed_vehicle_and_current_tail
[       OK ] time_delay_kalman_filter.delayed_measurement_uses_delayed_vehicle_and_current_tail (1 ms)
[ RUN      ] time_delay_kalman_filter.default_layout_remains_fully_delayed
[       OK ] time_delay_kalman_filter.default_layout_remains_fully_delayed (0 ms)
[ RUN      ] time_delay_kalman_filter.compact_tail_prediction_matches_explicit_transition
[       OK ] time_delay_kalman_filter.compact_tail_prediction_matches_explicit_transition (0 ms)
[----------] 8 tests from time_delay_kalman_filter (6 ms total)

[----------] Global test environment tear-down
[==========] 14 tests from 2 test suites ran. (2963 ms total)
[  PASSED  ] 14 tests.
-- run_test.py: return code 0
-- run_test.py: inject classname prefix into gtest result file '/opt/ipg/carmaker/linux64-15.1/autoracer_hooke/cross_scene_heading_build_v2/autoware_kalman_filter/test_results/autoware_kalman_filter/test_autoware_kalman_filter.gtest.xml'
-- run_test.py: verify result file '/opt/ipg/carmaker/linux64-15.1/autoracer_hooke/cross_scene_heading_build_v2/autoware_kalman_filter/test_results/autoware_kalman_filter/test_autoware_kalman_filter.gtest.xml'
<end of output>
Test time =   3.08 sec
----------------------------------------------------------
Test Passed.
"test_autoware_kalman_filter" end time: Aug 10 01:33 CST
"test_autoware_kalman_filter" time elapsed: 00:00:03
----------------------------------------------------------

2/5 Testing: cppcheck
2/5 Test: cppcheck
Command: "/usr/bin/python3" "-u" "/opt/ros/humble/share/ament_cmake_test/cmake/run_test.py" "/opt/ipg/carmaker/linux64-15.1/autoracer_hooke/cross_scene_heading_build_v2/autoware_kalman_filter/test_results/autoware_kalman_filter/cppcheck.xunit.xml" "--package-name" "autoware_kalman_filter" "--output-file" "/opt/ipg/carmaker/linux64-15.1/autoracer_hooke/cross_scene_heading_build_v2/autoware_kalman_filter/ament_cppcheck/cppcheck.txt" "--command" "/opt/ros/humble/bin/ament_cppcheck" "--xunit-file" "/opt/ipg/carmaker/linux64-15.1/autoracer_hooke/cross_scene_heading_build_v2/autoware_kalman_filter/test_results/autoware_kalman_filter/cppcheck.xunit.xml" "--include_dirs" "/opt/ipg/carmaker/linux64-15.1/autoracer_hooke/vendor_ws/src/autoware/core/common/autoware_kalman_filter/include"
Directory: /opt/ipg/carmaker/linux64-15.1/autoracer_hooke/vendor_ws/src/autoware/core/common/autoware_kalman_filter
"cppcheck" start time: Aug 10 01:33 CST
Output:
----------------------------------------------------------
-- run_test.py: invoking following command in '/opt/ipg/carmaker/linux64-15.1/autoracer_hooke/vendor_ws/src/autoware/core/common/autoware_kalman_filter':
 - /opt/ros/humble/bin/ament_cppcheck --xunit-file /opt/ipg/carmaker/linux64-15.1/autoracer_hooke/cross_scene_heading_build_v2/autoware_kalman_filter/test_results/autoware_kalman_filter/cppcheck.xunit.xml --include_dirs /opt/ipg/carmaker/linux64-15.1/autoracer_hooke/vendor_ws/src/autoware/core/common/autoware_kalman_filter/include
cppcheck 2.7 has known performance issues and therefore will not be used, set the AMENT_CPPCHECK_ALLOW_SLOW_VERSIONS environment variable to override this.
-- run_test.py: return code 0
-- run_test.py: verify result file '/opt/ipg/carmaker/linux64-15.1/autoracer_hooke/cross_scene_heading_build_v2/autoware_kalman_filter/test_results/autoware_kalman_filter/cppcheck.xunit.xml'
<end of output>
Test time =   0.22 sec
----------------------------------------------------------
Test Passed.
"cppcheck" end time: Aug 10 01:33 CST
"cppcheck" time elapsed: 00:00:00
----------------------------------------------------------

3/5 Testing: copyright
3/5 Test: copyright
Command: "/usr/bin/python3" "-u" "/opt/ros/humble/share/ament_cmake_test/cmake/run_test.py" "/opt/ipg/carmaker/linux64-15.1/autoracer_hooke/cross_scene_heading_build_v2/autoware_kalman_filter/test_results/autoware_kalman_filter/copyright.xunit.xml" "--package-name" "autoware_kalman_filter" "--output-file" "/opt/ipg/carmaker/linux64-15.1/autoracer_hooke/cross_scene_heading_build_v2/autoware_kalman_filter/ament_copyright/copyright.txt" "--command" "/opt/ros/humble/bin/ament_copyright" "--xunit-file" "/opt/ipg/carmaker/linux64-15.1/autoracer_hooke/cross_scene_heading_build_v2/autoware_kalman_filter/test_results/autoware_kalman_filter/copyright.xunit.xml"
Directory: /opt/ipg/carmaker/linux64-15.1/autoracer_hooke/vendor_ws/src/autoware/core/common/autoware_kalman_filter
"copyright" start time: Aug 10 01:33 CST
Output:
----------------------------------------------------------
-- run_test.py: invoking following command in '/opt/ipg/carmaker/linux64-15.1/autoracer_hooke/vendor_ws/src/autoware/core/common/autoware_kalman_filter':
 - /opt/ros/humble/bin/ament_copyright --xunit-file /opt/ipg/carmaker/linux64-15.1/autoracer_hooke/cross_scene_heading_build_v2/autoware_kalman_filter/test_results/autoware_kalman_filter/copyright.xunit.xml
No problems found, checked 6 files
-- run_test.py: return code 0
-- run_test.py: verify result file '/opt/ipg/carmaker/linux64-15.1/autoracer_hooke/cross_scene_heading_build_v2/autoware_kalman_filter/test_results/autoware_kalman_filter/copyright.xunit.xml'
<end of output>
Test time =   0.39 sec
----------------------------------------------------------
Test Passed.
"copyright" end time: Aug 10 01:33 CST
"copyright" time elapsed: 00:00:00
----------------------------------------------------------

4/5 Testing: lint_cmake
4/5 Test: lint_cmake
Command: "/usr/bin/python3" "-u" "/opt/ros/humble/share/ament_cmake_test/cmake/run_test.py" "/opt/ipg/carmaker/linux64-15.1/autoracer_hooke/cross_scene_heading_build_v2/autoware_kalman_filter/test_results/autoware_kalman_filter/lint_cmake.xunit.xml" "--package-name" "autoware_kalman_filter" "--output-file" "/opt/ipg/carmaker/linux64-15.1/autoracer_hooke/cross_scene_heading_build_v2/autoware_kalman_filter/ament_lint_cmake/lint_cmake.txt" "--command" "/opt/ros/humble/bin/ament_lint_cmake" "--xunit-file" "/opt/ipg/carmaker/linux64-15.1/autoracer_hooke/cross_scene_heading_build_v2/autoware_kalman_filter/test_results/autoware_kalman_filter/lint_cmake.xunit.xml"
Directory: /opt/ipg/carmaker/linux64-15.1/autoracer_hooke/vendor_ws/src/autoware/core/common/autoware_kalman_filter
"lint_cmake" start time: Aug 10 01:33 CST
Output:
----------------------------------------------------------
-- run_test.py: invoking following command in '/opt/ipg/carmaker/linux64-15.1/autoracer_hooke/vendor_ws/src/autoware/core/common/autoware_kalman_filter':
 - /opt/ros/humble/bin/ament_lint_cmake --xunit-file /opt/ipg/carmaker/linux64-15.1/autoracer_hooke/cross_scene_heading_build_v2/autoware_kalman_filter/test_results/autoware_kalman_filter/lint_cmake.xunit.xml

No problems found
-- run_test.py: return code 0
-- run_test.py: verify result file '/opt/ipg/carmaker/linux64-15.1/autoracer_hooke/cross_scene_heading_build_v2/autoware_kalman_filter/test_results/autoware_kalman_filter/lint_cmake.xunit.xml'
<end of output>
Test time =   0.20 sec
----------------------------------------------------------
Test Passed.
"lint_cmake" end time: Aug 10 01:33 CST
"lint_cmake" time elapsed: 00:00:00
----------------------------------------------------------

5/5 Testing: xmllint
5/5 Test: xmllint
Command: "/usr/bin/python3" "-u" "/opt/ros/humble/share/ament_cmake_test/cmake/run_test.py" "/opt/ipg/carmaker/linux64-15.1/autoracer_hooke/cross_scene_heading_build_v2/autoware_kalman_filter/test_results/autoware_kalman_filter/xmllint.xunit.xml" "--package-name" "autoware_kalman_filter" "--output-file" "/opt/ipg/carmaker/linux64-15.1/autoracer_hooke/cross_scene_heading_build_v2/autoware_kalman_filter/ament_xmllint/xmllint.txt" "--command" "/opt/ros/humble/bin/ament_xmllint" "--xunit-file" "/opt/ipg/carmaker/linux64-15.1/autoracer_hooke/cross_scene_heading_build_v2/autoware_kalman_filter/test_results/autoware_kalman_filter/xmllint.xunit.xml"
Directory: /opt/ipg/carmaker/linux64-15.1/autoracer_hooke/vendor_ws/src/autoware/core/common/autoware_kalman_filter
"xmllint" start time: Aug 10 01:33 CST
Output:
----------------------------------------------------------
-- run_test.py: invoking following command in '/opt/ipg/carmaker/linux64-15.1/autoracer_hooke/vendor_ws/src/autoware/core/common/autoware_kalman_filter':
 - /opt/ros/humble/bin/ament_xmllint --xunit-file /opt/ipg/carmaker/linux64-15.1/autoracer_hooke/cross_scene_heading_build_v2/autoware_kalman_filter/test_results/autoware_kalman_filter/xmllint.xunit.xml
File 'package.xml' is valid

No problems found
-- run_test.py: return code 0
-- run_test.py: verify result file '/opt/ipg/carmaker/linux64-15.1/autoracer_hooke/cross_scene_heading_build_v2/autoware_kalman_filter/test_results/autoware_kalman_filter/xmllint.xunit.xml'
<end of output>
Test time =   0.92 sec
----------------------------------------------------------
Test Passed.
"xmllint" end time: Aug 10 01:33 CST
"xmllint" time elapsed: 00:00:00
----------------------------------------------------------

End testing: Aug 10 01:33 CST

copyright =   0.39 sec*proc

cppcheck =   0.22 sec*proc

gtest =   3.08 sec*proc

lint_cmake =   0.20 sec*proc

linter =   1.74 sec*proc

xmllint =   0.92 sec*proc

