Start testing: Aug 10 01:29 CST
----------------------------------------------------------
1/19 Testing: test_test_ekf_localizer_launch.py
1/19 Test: test_test_ekf_localizer_launch.py
Command: "/opt/anaconda3/bin/python3" "-u" "/opt/ros/humble/share/ament_cmake_test/cmake/run_test.py" "/opt/ipg/carmaker/linux64-15.1/autoracer_hooke/cross_scene_heading_build/autoware_ekf_localizer/test_results/autoware_ekf_localizer/test_test_ekf_localizer_launch.py.xunit.xml" "--package-name" "autoware_ekf_localizer" "--output-file" "/opt/ipg/carmaker/linux64-15.1/autoracer_hooke/cross_scene_heading_build/autoware_ekf_localizer/launch_test/test_test_ekf_localizer_launch.py.txt" "--command" "/opt/anaconda3/bin/python3" "-m" "launch_testing.launch_test" "/opt/ipg/carmaker/linux64-15.1/autoracer_hooke/vendor_ws/src/autoware/core/localization/autoware_ekf_localizer/test/test_ekf_localizer_launch.py" "--junit-xml=/opt/ipg/carmaker/linux64-15.1/autoracer_hooke/cross_scene_heading_build/autoware_ekf_localizer/test_results/autoware_ekf_localizer/test_test_ekf_localizer_launch.py.xunit.xml" "--package-name=autoware_ekf_localizer"
Directory: /opt/ipg/carmaker/linux64-15.1/autoracer_hooke/cross_scene_heading_build/autoware_ekf_localizer
"test_test_ekf_localizer_launch.py" start time: Aug 10 01:29 CST
Output:
----------------------------------------------------------
-- run_test.py: invoking following command in '/opt/ipg/carmaker/linux64-15.1/autoracer_hooke/cross_scene_heading_build/autoware_ekf_localizer':
 - /opt/anaconda3/bin/python3 -m launch_testing.launch_test /opt/ipg/carmaker/linux64-15.1/autoracer_hooke/vendor_ws/src/autoware/core/localization/autoware_ekf_localizer/test/test_ekf_localizer_launch.py --junit-xml=/opt/ipg/carmaker/linux64-15.1/autoracer_hooke/cross_scene_heading_build/autoware_ekf_localizer/test_results/autoware_ekf_localizer/test_test_ekf_localizer_launch.py.xunit.xml --package-name=autoware_ekf_localizer
usage: launch_test.py [-h] [--package-name PACKAGE_NAME] [-v] [-s]
                      [--junit-xml XMLPATH]
                      launch_test_file [launch_arguments ...]
launch_test.py: error: No module named 'rclpy._rclpy_pybind11'
The C extension '/opt/ros/humble/lib/python3.10/site-packages/_rclpy_pybind11.cpython-313-x86_64-linux-gnu.so' isn't present on the system. Please refer to 'https://docs.ros.org/en/humble/Guides/Installation-Troubleshooting.html#import-failing-without-library-present-on-the-system' for possible solutions
-- run_test.py: return code 2
-- run_test.py: generate result file '/opt/ipg/carmaker/linux64-15.1/autoracer_hooke/cross_scene_heading_build/autoware_ekf_localizer/test_results/autoware_ekf_localizer/test_test_ekf_localizer_launch.py.xunit.xml' with failed test
-- run_test.py: verify result file '/opt/ipg/carmaker/linux64-15.1/autoracer_hooke/cross_scene_heading_build/autoware_ekf_localizer/test_results/autoware_ekf_localizer/test_test_ekf_localizer_launch.py.xunit.xml'
<end of output>
Test time =   0.57 sec
----------------------------------------------------------
Test Failed.
"test_test_ekf_localizer_launch.py" end time: Aug 10 01:29 CST
"test_test_ekf_localizer_launch.py" time elapsed: 00:00:00
----------------------------------------------------------

2/19 Testing: test_test_ekf_localizer_mahalanobis.py
2/19 Test: test_test_ekf_localizer_mahalanobis.py
Command: "/opt/anaconda3/bin/python3" "-u" "/opt/ros/humble/share/ament_cmake_test/cmake/run_test.py" "/opt/ipg/carmaker/linux64-15.1/autoracer_hooke/cross_scene_heading_build/autoware_ekf_localizer/test_results/autoware_ekf_localizer/test_test_ekf_localizer_mahalanobis.py.xunit.xml" "--package-name" "autoware_ekf_localizer" "--output-file" "/opt/ipg/carmaker/linux64-15.1/autoracer_hooke/cross_scene_heading_build/autoware_ekf_localizer/launch_test/test_test_ekf_localizer_mahalanobis.py.txt" "--command" "/opt/anaconda3/bin/python3" "-m" "launch_testing.launch_test" "/opt/ipg/carmaker/linux64-15.1/autoracer_hooke/vendor_ws/src/autoware/core/localization/autoware_ekf_localizer/test/test_ekf_localizer_mahalanobis.py" "--junit-xml=/opt/ipg/carmaker/linux64-15.1/autoracer_hooke/cross_scene_heading_build/autoware_ekf_localizer/test_results/autoware_ekf_localizer/test_test_ekf_localizer_mahalanobis.py.xunit.xml" "--package-name=autoware_ekf_localizer"
Directory: /opt/ipg/carmaker/linux64-15.1/autoracer_hooke/cross_scene_heading_build/autoware_ekf_localizer
"test_test_ekf_localizer_mahalanobis.py" start time: Aug 10 01:29 CST
Output:
----------------------------------------------------------
-- run_test.py: invoking following command in '/opt/ipg/carmaker/linux64-15.1/autoracer_hooke/cross_scene_heading_build/autoware_ekf_localizer':
 - /opt/anaconda3/bin/python3 -m launch_testing.launch_test /opt/ipg/carmaker/linux64-15.1/autoracer_hooke/vendor_ws/src/autoware/core/localization/autoware_ekf_localizer/test/test_ekf_localizer_mahalanobis.py --junit-xml=/opt/ipg/carmaker/linux64-15.1/autoracer_hooke/cross_scene_heading_build/autoware_ekf_localizer/test_results/autoware_ekf_localizer/test_test_ekf_localizer_mahalanobis.py.xunit.xml --package-name=autoware_ekf_localizer
usage: launch_test.py [-h] [--package-name PACKAGE_NAME] [-v] [-s]
                      [--junit-xml XMLPATH]
                      launch_test_file [launch_arguments ...]
launch_test.py: error: No module named 'rclpy._rclpy_pybind11'
The C extension '/opt/ros/humble/lib/python3.10/site-packages/_rclpy_pybind11.cpython-313-x86_64-linux-gnu.so' isn't present on the system. Please refer to 'https://docs.ros.org/en/humble/Guides/Installation-Troubleshooting.html#import-failing-without-library-present-on-the-system' for possible solutions
-- run_test.py: return code 2
-- run_test.py: generate result file '/opt/ipg/carmaker/linux64-15.1/autoracer_hooke/cross_scene_heading_build/autoware_ekf_localizer/test_results/autoware_ekf_localizer/test_test_ekf_localizer_mahalanobis.py.xunit.xml' with failed test
-- run_test.py: verify result file '/opt/ipg/carmaker/linux64-15.1/autoracer_hooke/cross_scene_heading_build/autoware_ekf_localizer/test_results/autoware_ekf_localizer/test_test_ekf_localizer_mahalanobis.py.xunit.xml'
<end of output>
Test time =   0.55 sec
----------------------------------------------------------
Test Failed.
"test_test_ekf_localizer_mahalanobis.py" end time: Aug 10 01:29 CST
"test_test_ekf_localizer_mahalanobis.py" time elapsed: 00:00:00
----------------------------------------------------------

3/19 Testing: test_aged_object_queue
3/19 Test: test_aged_object_queue
Command: "/opt/anaconda3/bin/python3" "-u" "/opt/ros/humble/share/ament_cmake_test/cmake/run_test.py" "/opt/ipg/carmaker/linux64-15.1/autoracer_hooke/cross_scene_heading_build/autoware_ekf_localizer/test_results/autoware_ekf_localizer/test_aged_object_queue.gtest.xml" "--package-name" "autoware_ekf_localizer" "--output-file" "/opt/ipg/carmaker/linux64-15.1/autoracer_hooke/cross_scene_heading_build/autoware_ekf_localizer/ament_cmake_gtest/test_aged_object_queue.txt" "--command" "/opt/ipg/carmaker/linux64-15.1/autoracer_hooke/cross_scene_heading_build/autoware_ekf_localizer/test_aged_object_queue" "--gtest_output=xml:/opt/ipg/carmaker/linux64-15.1/autoracer_hooke/cross_scene_heading_build/autoware_ekf_localizer/test_results/autoware_ekf_localizer/test_aged_object_queue.gtest.xml"
Directory: /opt/ipg/carmaker/linux64-15.1/autoracer_hooke/cross_scene_heading_build/autoware_ekf_localizer
"test_aged_object_queue" start time: Aug 10 01:29 CST
Output:
----------------------------------------------------------
-- run_test.py: invoking following command in '/opt/ipg/carmaker/linux64-15.1/autoracer_hooke/cross_scene_heading_build/autoware_ekf_localizer':
 - /opt/ipg/carmaker/linux64-15.1/autoracer_hooke/cross_scene_heading_build/autoware_ekf_localizer/test_aged_object_queue --gtest_output=xml:/opt/ipg/carmaker/linux64-15.1/autoracer_hooke/cross_scene_heading_build/autoware_ekf_localizer/test_results/autoware_ekf_localizer/test_aged_object_queue.gtest.xml
Running main() from /opt/ros/humble/src/gtest_vendor/src/gtest_main.cc
[==========] Running 5 tests from 1 test suite.
[----------] Global test environment set-up.
[----------] 5 tests from AgedObjectQueue
[ RUN      ] AgedObjectQueue.DiscardsObjectWhenAgeReachesMaximum
[       OK ] AgedObjectQueue.DiscardsObjectWhenAgeReachesMaximum (0 ms)
[ RUN      ] AgedObjectQueue.MultipleObjects
[       OK ] AgedObjectQueue.MultipleObjects (0 ms)
[ RUN      ] AgedObjectQueue.Empty
[       OK ] AgedObjectQueue.Empty (0 ms)
[ RUN      ] AgedObjectQueue.Clear
[       OK ] AgedObjectQueue.Clear (0 ms)
[ RUN      ] AgedObjectQueue.Back
[       OK ] AgedObjectQueue.Back (0 ms)
[----------] 5 tests from AgedObjectQueue (0 ms total)

[----------] Global test environment tear-down
[==========] 5 tests from 1 test suite ran. (0 ms total)
[  PASSED  ] 5 tests.
-- run_test.py: return code 0
-- run_test.py: inject classname prefix into gtest result file '/opt/ipg/carmaker/linux64-15.1/autoracer_hooke/cross_scene_heading_build/autoware_ekf_localizer/test_results/autoware_ekf_localizer/test_aged_object_queue.gtest.xml'
-- run_test.py: verify result file '/opt/ipg/carmaker/linux64-15.1/autoracer_hooke/cross_scene_heading_build/autoware_ekf_localizer/test_results/autoware_ekf_localizer/test_aged_object_queue.gtest.xml'
<end of output>
Test time =   0.11 sec
----------------------------------------------------------
Test Passed.
"test_aged_object_queue" end time: Aug 10 01:29 CST
"test_aged_object_queue" time elapsed: 00:00:00
----------------------------------------------------------

4/19 Testing: test_covariance
4/19 Test: test_covariance
Command: "/opt/anaconda3/bin/python3" "-u" "/opt/ros/humble/share/ament_cmake_test/cmake/run_test.py" "/opt/ipg/carmaker/linux64-15.1/autoracer_hooke/cross_scene_heading_build/autoware_ekf_localizer/test_results/autoware_ekf_localizer/test_covariance.gtest.xml" "--package-name" "autoware_ekf_localizer" "--output-file" "/opt/ipg/carmaker/linux64-15.1/autoracer_hooke/cross_scene_heading_build/autoware_ekf_localizer/ament_cmake_gtest/test_covariance.txt" "--command" "/opt/ipg/carmaker/linux64-15.1/autoracer_hooke/cross_scene_heading_build/autoware_ekf_localizer/test_covariance" "--gtest_output=xml:/opt/ipg/carmaker/linux64-15.1/autoracer_hooke/cross_scene_heading_build/autoware_ekf_localizer/test_results/autoware_ekf_localizer/test_covariance.gtest.xml"
Directory: /opt/ipg/carmaker/linux64-15.1/autoracer_hooke/cross_scene_heading_build/autoware_ekf_localizer
"test_covariance" start time: Aug 10 01:29 CST
Output:
----------------------------------------------------------
-- run_test.py: invoking following command in '/opt/ipg/carmaker/linux64-15.1/autoracer_hooke/cross_scene_heading_build/autoware_ekf_localizer':
 - /opt/ipg/carmaker/linux64-15.1/autoracer_hooke/cross_scene_heading_build/autoware_ekf_localizer/test_covariance --gtest_output=xml:/opt/ipg/carmaker/linux64-15.1/autoracer_hooke/cross_scene_heading_build/autoware_ekf_localizer/test_results/autoware_ekf_localizer/test_covariance.gtest.xml
/opt/ipg/carmaker/linux64-15.1/autoracer_hooke/cross_scene_heading_build/autoware_ekf_localizer/test_covariance: /opt/anaconda3/lib/libstdc++.so.6: version `GLIBCXX_3.4.30' not found (required by /opt/ros/humble/lib/librclcpp.so)
-- run_test.py: return code 1
-- run_test.py: generate result file '/opt/ipg/carmaker/linux64-15.1/autoracer_hooke/cross_scene_heading_build/autoware_ekf_localizer/test_results/autoware_ekf_localizer/test_covariance.gtest.xml' with failed test
-- run_test.py: verify result file '/opt/ipg/carmaker/linux64-15.1/autoracer_hooke/cross_scene_heading_build/autoware_ekf_localizer/test_results/autoware_ekf_localizer/test_covariance.gtest.xml'
<end of output>
Test time =   0.13 sec
----------------------------------------------------------
Test Failed.
"test_covariance" end time: Aug 10 01:29 CST
"test_covariance" time elapsed: 00:00:00
----------------------------------------------------------

5/19 Testing: test_diagnostics
5/19 Test: test_diagnostics
Command: "/opt/anaconda3/bin/python3" "-u" "/opt/ros/humble/share/ament_cmake_test/cmake/run_test.py" "/opt/ipg/carmaker/linux64-15.1/autoracer_hooke/cross_scene_heading_build/autoware_ekf_localizer/test_results/autoware_ekf_localizer/test_diagnostics.gtest.xml" "--package-name" "autoware_ekf_localizer" "--output-file" "/opt/ipg/carmaker/linux64-15.1/autoracer_hooke/cross_scene_heading_build/autoware_ekf_localizer/ament_cmake_gtest/test_diagnostics.txt" "--command" "/opt/ipg/carmaker/linux64-15.1/autoracer_hooke/cross_scene_heading_build/autoware_ekf_localizer/test_diagnostics" "--gtest_output=xml:/opt/ipg/carmaker/linux64-15.1/autoracer_hooke/cross_scene_heading_build/autoware_ekf_localizer/test_results/autoware_ekf_localizer/test_diagnostics.gtest.xml"
Directory: /opt/ipg/carmaker/linux64-15.1/autoracer_hooke/cross_scene_heading_build/autoware_ekf_localizer
"test_diagnostics" start time: Aug 10 01:29 CST
Output:
----------------------------------------------------------
-- run_test.py: invoking following command in '/opt/ipg/carmaker/linux64-15.1/autoracer_hooke/cross_scene_heading_build/autoware_ekf_localizer':
 - /opt/ipg/carmaker/linux64-15.1/autoracer_hooke/cross_scene_heading_build/autoware_ekf_localizer/test_diagnostics --gtest_output=xml:/opt/ipg/carmaker/linux64-15.1/autoracer_hooke/cross_scene_heading_build/autoware_ekf_localizer/test_results/autoware_ekf_localizer/test_diagnostics.gtest.xml
/opt/ipg/carmaker/linux64-15.1/autoracer_hooke/cross_scene_heading_build/autoware_ekf_localizer/test_diagnostics: /opt/anaconda3/lib/libstdc++.so.6: version `GLIBCXX_3.4.30' not found (required by /opt/ros/humble/lib/librclcpp.so)
-- run_test.py: return code 1
-- run_test.py: generate result file '/opt/ipg/carmaker/linux64-15.1/autoracer_hooke/cross_scene_heading_build/autoware_ekf_localizer/test_results/autoware_ekf_localizer/test_diagnostics.gtest.xml' with failed test
-- run_test.py: verify result file '/opt/ipg/carmaker/linux64-15.1/autoracer_hooke/cross_scene_heading_build/autoware_ekf_localizer/test_results/autoware_ekf_localizer/test_diagnostics.gtest.xml'
<end of output>
Test time =   0.13 sec
----------------------------------------------------------
Test Failed.
"test_diagnostics" end time: Aug 10 01:29 CST
"test_diagnostics" time elapsed: 00:00:00
----------------------------------------------------------

6/19 Testing: test_gnss_bias_state
6/19 Test: test_gnss_bias_state
Command: "/opt/anaconda3/bin/python3" "-u" "/opt/ros/humble/share/ament_cmake_test/cmake/run_test.py" "/opt/ipg/carmaker/linux64-15.1/autoracer_hooke/cross_scene_heading_build/autoware_ekf_localizer/test_results/autoware_ekf_localizer/test_gnss_bias_state.gtest.xml" "--package-name" "autoware_ekf_localizer" "--output-file" "/opt/ipg/carmaker/linux64-15.1/autoracer_hooke/cross_scene_heading_build/autoware_ekf_localizer/ament_cmake_gtest/test_gnss_bias_state.txt" "--command" "/opt/ipg/carmaker/linux64-15.1/autoracer_hooke/cross_scene_heading_build/autoware_ekf_localizer/test_gnss_bias_state" "--gtest_output=xml:/opt/ipg/carmaker/linux64-15.1/autoracer_hooke/cross_scene_heading_build/autoware_ekf_localizer/test_results/autoware_ekf_localizer/test_gnss_bias_state.gtest.xml"
Directory: /opt/ipg/carmaker/linux64-15.1/autoracer_hooke/cross_scene_heading_build/autoware_ekf_localizer
"test_gnss_bias_state" start time: Aug 10 01:29 CST
Output:
----------------------------------------------------------
-- run_test.py: invoking following command in '/opt/ipg/carmaker/linux64-15.1/autoracer_hooke/cross_scene_heading_build/autoware_ekf_localizer':
 - /opt/ipg/carmaker/linux64-15.1/autoracer_hooke/cross_scene_heading_build/autoware_ekf_localizer/test_gnss_bias_state --gtest_output=xml:/opt/ipg/carmaker/linux64-15.1/autoracer_hooke/cross_scene_heading_build/autoware_ekf_localizer/test_results/autoware_ekf_localizer/test_gnss_bias_state.gtest.xml
/opt/ipg/carmaker/linux64-15.1/autoracer_hooke/cross_scene_heading_build/autoware_ekf_localizer/test_gnss_bias_state: /opt/anaconda3/lib/libstdc++.so.6: version `GLIBCXX_3.4.30' not found (required by /opt/ros/humble/lib/librclcpp.so)
-- run_test.py: return code 1
-- run_test.py: generate result file '/opt/ipg/carmaker/linux64-15.1/autoracer_hooke/cross_scene_heading_build/autoware_ekf_localizer/test_results/autoware_ekf_localizer/test_gnss_bias_state.gtest.xml' with failed test
-- run_test.py: verify result file '/opt/ipg/carmaker/linux64-15.1/autoracer_hooke/cross_scene_heading_build/autoware_ekf_localizer/test_results/autoware_ekf_localizer/test_gnss_bias_state.gtest.xml'
<end of output>
Test time =   0.13 sec
----------------------------------------------------------
Test Failed.
"test_gnss_bias_state" end time: Aug 10 01:29 CST
"test_gnss_bias_state" time elapsed: 00:00:00
----------------------------------------------------------

7/19 Testing: test_gnss_correction
7/19 Test: test_gnss_correction
Command: "/opt/anaconda3/bin/python3" "-u" "/opt/ros/humble/share/ament_cmake_test/cmake/run_test.py" "/opt/ipg/carmaker/linux64-15.1/autoracer_hooke/cross_scene_heading_build/autoware_ekf_localizer/test_results/autoware_ekf_localizer/test_gnss_correction.gtest.xml" "--package-name" "autoware_ekf_localizer" "--output-file" "/opt/ipg/carmaker/linux64-15.1/autoracer_hooke/cross_scene_heading_build/autoware_ekf_localizer/ament_cmake_gtest/test_gnss_correction.txt" "--command" "/opt/ipg/carmaker/linux64-15.1/autoracer_hooke/cross_scene_heading_build/autoware_ekf_localizer/test_gnss_correction" "--gtest_output=xml:/opt/ipg/carmaker/linux64-15.1/autoracer_hooke/cross_scene_heading_build/autoware_ekf_localizer/test_results/autoware_ekf_localizer/test_gnss_correction.gtest.xml"
Directory: /opt/ipg/carmaker/linux64-15.1/autoracer_hooke/cross_scene_heading_build/autoware_ekf_localizer
"test_gnss_correction" start time: Aug 10 01:29 CST
Output:
----------------------------------------------------------
-- run_test.py: invoking following command in '/opt/ipg/carmaker/linux64-15.1/autoracer_hooke/cross_scene_heading_build/autoware_ekf_localizer':
 - /opt/ipg/carmaker/linux64-15.1/autoracer_hooke/cross_scene_heading_build/autoware_ekf_localizer/test_gnss_correction --gtest_output=xml:/opt/ipg/carmaker/linux64-15.1/autoracer_hooke/cross_scene_heading_build/autoware_ekf_localizer/test_results/autoware_ekf_localizer/test_gnss_correction.gtest.xml
/opt/ipg/carmaker/linux64-15.1/autoracer_hooke/cross_scene_heading_build/autoware_ekf_localizer/test_gnss_correction: /opt/anaconda3/lib/libstdc++.so.6: version `GLIBCXX_3.4.30' not found (required by /opt/ros/humble/lib/librclcpp.so)
-- run_test.py: return code 1
-- run_test.py: generate result file '/opt/ipg/carmaker/linux64-15.1/autoracer_hooke/cross_scene_heading_build/autoware_ekf_localizer/test_results/autoware_ekf_localizer/test_gnss_correction.gtest.xml' with failed test
-- run_test.py: verify result file '/opt/ipg/carmaker/linux64-15.1/autoracer_hooke/cross_scene_heading_build/autoware_ekf_localizer/test_results/autoware_ekf_localizer/test_gnss_correction.gtest.xml'
<end of output>
Test time =   0.13 sec
----------------------------------------------------------
Test Failed.
"test_gnss_correction" end time: Aug 10 01:29 CST
"test_gnss_correction" time elapsed: 00:00:00
----------------------------------------------------------

8/19 Testing: test_mahalanobis
8/19 Test: test_mahalanobis
Command: "/opt/anaconda3/bin/python3" "-u" "/opt/ros/humble/share/ament_cmake_test/cmake/run_test.py" "/opt/ipg/carmaker/linux64-15.1/autoracer_hooke/cross_scene_heading_build/autoware_ekf_localizer/test_results/autoware_ekf_localizer/test_mahalanobis.gtest.xml" "--package-name" "autoware_ekf_localizer" "--output-file" "/opt/ipg/carmaker/linux64-15.1/autoracer_hooke/cross_scene_heading_build/autoware_ekf_localizer/ament_cmake_gtest/test_mahalanobis.txt" "--command" "/opt/ipg/carmaker/linux64-15.1/autoracer_hooke/cross_scene_heading_build/autoware_ekf_localizer/test_mahalanobis" "--gtest_output=xml:/opt/ipg/carmaker/linux64-15.1/autoracer_hooke/cross_scene_heading_build/autoware_ekf_localizer/test_results/autoware_ekf_localizer/test_mahalanobis.gtest.xml"
Directory: /opt/ipg/carmaker/linux64-15.1/autoracer_hooke/cross_scene_heading_build/autoware_ekf_localizer
"test_mahalanobis" start time: Aug 10 01:29 CST
Output:
----------------------------------------------------------
-- run_test.py: invoking following command in '/opt/ipg/carmaker/linux64-15.1/autoracer_hooke/cross_scene_heading_build/autoware_ekf_localizer':
 - /opt/ipg/carmaker/linux64-15.1/autoracer_hooke/cross_scene_heading_build/autoware_ekf_localizer/test_mahalanobis --gtest_output=xml:/opt/ipg/carmaker/linux64-15.1/autoracer_hooke/cross_scene_heading_build/autoware_ekf_localizer/test_results/autoware_ekf_localizer/test_mahalanobis.gtest.xml
/opt/ipg/carmaker/linux64-15.1/autoracer_hooke/cross_scene_heading_build/autoware_ekf_localizer/test_mahalanobis: /opt/anaconda3/lib/libstdc++.so.6: version `GLIBCXX_3.4.30' not found (required by /opt/ros/humble/lib/librclcpp.so)
-- run_test.py: return code 1
-- run_test.py: generate result file '/opt/ipg/carmaker/linux64-15.1/autoracer_hooke/cross_scene_heading_build/autoware_ekf_localizer/test_results/autoware_ekf_localizer/test_mahalanobis.gtest.xml' with failed test
-- run_test.py: verify result file '/opt/ipg/carmaker/linux64-15.1/autoracer_hooke/cross_scene_heading_build/autoware_ekf_localizer/test_results/autoware_ekf_localizer/test_mahalanobis.gtest.xml'
<end of output>
Test time =   0.13 sec
----------------------------------------------------------
Test Failed.
"test_mahalanobis" end time: Aug 10 01:29 CST
"test_mahalanobis" time elapsed: 00:00:00
----------------------------------------------------------

9/19 Testing: test_measurement
9/19 Test: test_measurement
Command: "/opt/anaconda3/bin/python3" "-u" "/opt/ros/humble/share/ament_cmake_test/cmake/run_test.py" "/opt/ipg/carmaker/linux64-15.1/autoracer_hooke/cross_scene_heading_build/autoware_ekf_localizer/test_results/autoware_ekf_localizer/test_measurement.gtest.xml" "--package-name" "autoware_ekf_localizer" "--output-file" "/opt/ipg/carmaker/linux64-15.1/autoracer_hooke/cross_scene_heading_build/autoware_ekf_localizer/ament_cmake_gtest/test_measurement.txt" "--command" "/opt/ipg/carmaker/linux64-15.1/autoracer_hooke/cross_scene_heading_build/autoware_ekf_localizer/test_measurement" "--gtest_output=xml:/opt/ipg/carmaker/linux64-15.1/autoracer_hooke/cross_scene_heading_build/autoware_ekf_localizer/test_results/autoware_ekf_localizer/test_measurement.gtest.xml"
Directory: /opt/ipg/carmaker/linux64-15.1/autoracer_hooke/cross_scene_heading_build/autoware_ekf_localizer
"test_measurement" start time: Aug 10 01:29 CST
Output:
----------------------------------------------------------
-- run_test.py: invoking following command in '/opt/ipg/carmaker/linux64-15.1/autoracer_hooke/cross_scene_heading_build/autoware_ekf_localizer':
 - /opt/ipg/carmaker/linux64-15.1/autoracer_hooke/cross_scene_heading_build/autoware_ekf_localizer/test_measurement --gtest_output=xml:/opt/ipg/carmaker/linux64-15.1/autoracer_hooke/cross_scene_heading_build/autoware_ekf_localizer/test_results/autoware_ekf_localizer/test_measurement.gtest.xml
/opt/ipg/carmaker/linux64-15.1/autoracer_hooke/cross_scene_heading_build/autoware_ekf_localizer/test_measurement: /opt/anaconda3/lib/libstdc++.so.6: version `GLIBCXX_3.4.30' not found (required by /opt/ros/humble/lib/librclcpp.so)
-- run_test.py: return code 1
-- run_test.py: generate result file '/opt/ipg/carmaker/linux64-15.1/autoracer_hooke/cross_scene_heading_build/autoware_ekf_localizer/test_results/autoware_ekf_localizer/test_measurement.gtest.xml' with failed test
-- run_test.py: verify result file '/opt/ipg/carmaker/linux64-15.1/autoracer_hooke/cross_scene_heading_build/autoware_ekf_localizer/test_results/autoware_ekf_localizer/test_measurement.gtest.xml'
<end of output>
Test time =   0.11 sec
----------------------------------------------------------
Test Failed.
"test_measurement" end time: Aug 10 01:29 CST
"test_measurement" time elapsed: 00:00:00
----------------------------------------------------------

10/19 Testing: test_numeric
10/19 Test: test_numeric
Command: "/opt/anaconda3/bin/python3" "-u" "/opt/ros/humble/share/ament_cmake_test/cmake/run_test.py" "/opt/ipg/carmaker/linux64-15.1/autoracer_hooke/cross_scene_heading_build/autoware_ekf_localizer/test_results/autoware_ekf_localizer/test_numeric.gtest.xml" "--package-name" "autoware_ekf_localizer" "--output-file" "/opt/ipg/carmaker/linux64-15.1/autoracer_hooke/cross_scene_heading_build/autoware_ekf_localizer/ament_cmake_gtest/test_numeric.txt" "--command" "/opt/ipg/carmaker/linux64-15.1/autoracer_hooke/cross_scene_heading_build/autoware_ekf_localizer/test_numeric" "--gtest_output=xml:/opt/ipg/carmaker/linux64-15.1/autoracer_hooke/cross_scene_heading_build/autoware_ekf_localizer/test_results/autoware_ekf_localizer/test_numeric.gtest.xml"
Directory: /opt/ipg/carmaker/linux64-15.1/autoracer_hooke/cross_scene_heading_build/autoware_ekf_localizer
"test_numeric" start time: Aug 10 01:29 CST
Output:
----------------------------------------------------------
-- run_test.py: invoking following command in '/opt/ipg/carmaker/linux64-15.1/autoracer_hooke/cross_scene_heading_build/autoware_ekf_localizer':
 - /opt/ipg/carmaker/linux64-15.1/autoracer_hooke/cross_scene_heading_build/autoware_ekf_localizer/test_numeric --gtest_output=xml:/opt/ipg/carmaker/linux64-15.1/autoracer_hooke/cross_scene_heading_build/autoware_ekf_localizer/test_results/autoware_ekf_localizer/test_numeric.gtest.xml
Running main() from /opt/ros/humble/src/gtest_vendor/src/gtest_main.cc
[==========] Running 2 tests from 1 test suite.
[----------] Global test environment set-up.
[----------] 2 tests from Numeric
[ RUN      ] Numeric.has_nan
[       OK ] Numeric.has_nan (0 ms)
[ RUN      ] Numeric.has_inf
[       OK ] Numeric.has_inf (0 ms)
[----------] 2 tests from Numeric (0 ms total)

[----------] Global test environment tear-down
[==========] 2 tests from 1 test suite ran. (0 ms total)
[  PASSED  ] 2 tests.
-- run_test.py: return code 0
-- run_test.py: inject classname prefix into gtest result file '/opt/ipg/carmaker/linux64-15.1/autoracer_hooke/cross_scene_heading_build/autoware_ekf_localizer/test_results/autoware_ekf_localizer/test_numeric.gtest.xml'
-- run_test.py: verify result file '/opt/ipg/carmaker/linux64-15.1/autoracer_hooke/cross_scene_heading_build/autoware_ekf_localizer/test_results/autoware_ekf_localizer/test_numeric.gtest.xml'
<end of output>
Test time =   0.11 sec
----------------------------------------------------------
Test Passed.
"test_numeric" end time: Aug 10 01:29 CST
"test_numeric" time elapsed: 00:00:00
----------------------------------------------------------

11/19 Testing: test_position_only_innovation_monitor
11/19 Test: test_position_only_innovation_monitor
Command: "/opt/anaconda3/bin/python3" "-u" "/opt/ros/humble/share/ament_cmake_test/cmake/run_test.py" "/opt/ipg/carmaker/linux64-15.1/autoracer_hooke/cross_scene_heading_build/autoware_ekf_localizer/test_results/autoware_ekf_localizer/test_position_only_innovation_monitor.gtest.xml" "--package-name" "autoware_ekf_localizer" "--output-file" "/opt/ipg/carmaker/linux64-15.1/autoracer_hooke/cross_scene_heading_build/autoware_ekf_localizer/ament_cmake_gtest/test_position_only_innovation_monitor.txt" "--command" "/opt/ipg/carmaker/linux64-15.1/autoracer_hooke/cross_scene_heading_build/autoware_ekf_localizer/test_position_only_innovation_monitor" "--gtest_output=xml:/opt/ipg/carmaker/linux64-15.1/autoracer_hooke/cross_scene_heading_build/autoware_ekf_localizer/test_results/autoware_ekf_localizer/test_position_only_innovation_monitor.gtest.xml"
Directory: /opt/ipg/carmaker/linux64-15.1/autoracer_hooke/cross_scene_heading_build/autoware_ekf_localizer
"test_position_only_innovation_monitor" start time: Aug 10 01:29 CST
Output:
----------------------------------------------------------
-- run_test.py: invoking following command in '/opt/ipg/carmaker/linux64-15.1/autoracer_hooke/cross_scene_heading_build/autoware_ekf_localizer':
 - /opt/ipg/carmaker/linux64-15.1/autoracer_hooke/cross_scene_heading_build/autoware_ekf_localizer/test_position_only_innovation_monitor --gtest_output=xml:/opt/ipg/carmaker/linux64-15.1/autoracer_hooke/cross_scene_heading_build/autoware_ekf_localizer/test_results/autoware_ekf_localizer/test_position_only_innovation_monitor.gtest.xml
Running main() from /opt/ros/humble/src/gtest_vendor/src/gtest_main.cc
[==========] Running 8 tests from 1 test suite.
[----------] Global test environment set-up.
[----------] 8 tests from PositionOnlyInnovationMonitor
[ RUN      ] PositionOnlyInnovationMonitor.disabled_is_strict_no_op
[       OK ] PositionOnlyInnovationMonitor.disabled_is_strict_no_op (0 ms)
[ RUN      ] PositionOnlyInnovationMonitor.persistent_signed_innovation_latches_after_warmup
[       OK ] PositionOnlyInnovationMonitor.persistent_signed_innovation_latches_after_warmup (0 ms)
[ RUN      ] PositionOnlyInnovationMonitor.alternating_zero_mean_sequence_does_not_latch
[       OK ] PositionOnlyInnovationMonitor.alternating_zero_mean_sequence_does_not_latch (0 ms)
[ RUN      ] PositionOnlyInnovationMonitor.timestamp_gap_resets_unlatched_sequence
[       OK ] PositionOnlyInnovationMonitor.timestamp_gap_resets_unlatched_sequence (0 ms)
[ RUN      ] PositionOnlyInnovationMonitor.repeated_smoothing_application_is_not_a_new_sample
[       OK ] PositionOnlyInnovationMonitor.repeated_smoothing_application_is_not_a_new_sample (0 ms)
[ RUN      ] PositionOnlyInnovationMonitor.repeated_smoothing_application_preserves_latched_rejection
[       OK ] PositionOnlyInnovationMonitor.repeated_smoothing_application_preserves_latched_rejection (0 ms)
[ RUN      ] PositionOnlyInnovationMonitor.latched_monitor_requires_consecutive_clean_recovery
[       OK ] PositionOnlyInnovationMonitor.latched_monitor_requires_consecutive_clean_recovery (0 ms)
[ RUN      ] PositionOnlyInnovationMonitor.non_finite_input_fails_closed_when_enabled
[       OK ] PositionOnlyInnovationMonitor.non_finite_input_fails_closed_when_enabled (0 ms)
[----------] 8 tests from PositionOnlyInnovationMonitor (0 ms total)

[----------] Global test environment tear-down
[==========] 8 tests from 1 test suite ran. (0 ms total)
[  PASSED  ] 8 tests.
-- run_test.py: return code 0
-- run_test.py: inject classname prefix into gtest result file '/opt/ipg/carmaker/linux64-15.1/autoracer_hooke/cross_scene_heading_build/autoware_ekf_localizer/test_results/autoware_ekf_localizer/test_position_only_innovation_monitor.gtest.xml'
-- run_test.py: verify result file '/opt/ipg/carmaker/linux64-15.1/autoracer_hooke/cross_scene_heading_build/autoware_ekf_localizer/test_results/autoware_ekf_localizer/test_position_only_innovation_monitor.gtest.xml'
<end of output>
Test time =   0.12 sec
----------------------------------------------------------
Test Passed.
"test_position_only_innovation_monitor" end time: Aug 10 01:29 CST
"test_position_only_innovation_monitor" time elapsed: 00:00:00
----------------------------------------------------------

12/19 Testing: test_simple_1d_filter
12/19 Test: test_simple_1d_filter
Command: "/opt/anaconda3/bin/python3" "-u" "/opt/ros/humble/share/ament_cmake_test/cmake/run_test.py" "/opt/ipg/carmaker/linux64-15.1/autoracer_hooke/cross_scene_heading_build/autoware_ekf_localizer/test_results/autoware_ekf_localizer/test_simple_1d_filter.gtest.xml" "--package-name" "autoware_ekf_localizer" "--output-file" "/opt/ipg/carmaker/linux64-15.1/autoracer_hooke/cross_scene_heading_build/autoware_ekf_localizer/ament_cmake_gtest/test_simple_1d_filter.txt" "--command" "/opt/ipg/carmaker/linux64-15.1/autoracer_hooke/cross_scene_heading_build/autoware_ekf_localizer/test_simple_1d_filter" "--gtest_output=xml:/opt/ipg/carmaker/linux64-15.1/autoracer_hooke/cross_scene_heading_build/autoware_ekf_localizer/test_results/autoware_ekf_localizer/test_simple_1d_filter.gtest.xml"
Directory: /opt/ipg/carmaker/linux64-15.1/autoracer_hooke/cross_scene_heading_build/autoware_ekf_localizer
"test_simple_1d_filter" start time: Aug 10 01:29 CST
Output:
----------------------------------------------------------
-- run_test.py: invoking following command in '/opt/ipg/carmaker/linux64-15.1/autoracer_hooke/cross_scene_heading_build/autoware_ekf_localizer':
 - /opt/ipg/carmaker/linux64-15.1/autoracer_hooke/cross_scene_heading_build/autoware_ekf_localizer/test_simple_1d_filter --gtest_output=xml:/opt/ipg/carmaker/linux64-15.1/autoracer_hooke/cross_scene_heading_build/autoware_ekf_localizer/test_results/autoware_ekf_localizer/test_simple_1d_filter.gtest.xml
Running main() from /opt/ros/humble/src/gtest_vendor/src/gtest_main.cc
[==========] Running 6 tests from 1 test suite.
[----------] Global test environment set-up.
[----------] 6 tests from Simple1DFilter
[ RUN      ] Simple1DFilter.split_predict_and_correct_is_equivalent_to_legacy_update
[       OK ] Simple1DFilter.split_predict_and_correct_is_equivalent_to_legacy_update (0 ms)
[ RUN      ] Simple1DFilter.covariance_grows_on_every_predict_tick_without_measurement
[       OK ] Simple1DFilter.covariance_grows_on_every_predict_tick_without_measurement (0 ms)
[ RUN      ] Simple1DFilter.multiple_measurements_in_one_predict_tick_do_not_duplicate_process_noise
[       OK ] Simple1DFilter.multiple_measurements_in_one_predict_tick_do_not_duplicate_process_noise (0 ms)
[ RUN      ] Simple1DFilter.prediction_before_initialization_is_a_noop
[       OK ] Simple1DFilter.prediction_before_initialization_is_a_noop (0 ms)
[ RUN      ] Simple1DFilter.kinematic_prediction_moves_state_and_grows_covariance
[       OK ] Simple1DFilter.kinematic_prediction_moves_state_and_grows_covariance (0 ms)
[ RUN      ] Simple1DFilter.invalid_kinematic_prediction_is_a_noop
[       OK ] Simple1DFilter.invalid_kinematic_prediction_is_a_noop (0 ms)
[----------] 6 tests from Simple1DFilter (0 ms total)

[----------] Global test environment tear-down
[==========] 6 tests from 1 test suite ran. (0 ms total)
[  PASSED  ] 6 tests.
-- run_test.py: return code 0
-- run_test.py: inject classname prefix into gtest result file '/opt/ipg/carmaker/linux64-15.1/autoracer_hooke/cross_scene_heading_build/autoware_ekf_localizer/test_results/autoware_ekf_localizer/test_simple_1d_filter.gtest.xml'
-- run_test.py: verify result file '/opt/ipg/carmaker/linux64-15.1/autoracer_hooke/cross_scene_heading_build/autoware_ekf_localizer/test_results/autoware_ekf_localizer/test_simple_1d_filter.gtest.xml'
<end of output>
Test time =   0.12 sec
----------------------------------------------------------
Test Passed.
"test_simple_1d_filter" end time: Aug 10 01:29 CST
"test_simple_1d_filter" time elapsed: 00:00:00
----------------------------------------------------------

13/19 Testing: test_state_transition
13/19 Test: test_state_transition
Command: "/opt/anaconda3/bin/python3" "-u" "/opt/ros/humble/share/ament_cmake_test/cmake/run_test.py" "/opt/ipg/carmaker/linux64-15.1/autoracer_hooke/cross_scene_heading_build/autoware_ekf_localizer/test_results/autoware_ekf_localizer/test_state_transition.gtest.xml" "--package-name" "autoware_ekf_localizer" "--output-file" "/opt/ipg/carmaker/linux64-15.1/autoracer_hooke/cross_scene_heading_build/autoware_ekf_localizer/ament_cmake_gtest/test_state_transition.txt" "--command" "/opt/ipg/carmaker/linux64-15.1/autoracer_hooke/cross_scene_heading_build/autoware_ekf_localizer/test_state_transition" "--gtest_output=xml:/opt/ipg/carmaker/linux64-15.1/autoracer_hooke/cross_scene_heading_build/autoware_ekf_localizer/test_results/autoware_ekf_localizer/test_state_transition.gtest.xml"
Directory: /opt/ipg/carmaker/linux64-15.1/autoracer_hooke/cross_scene_heading_build/autoware_ekf_localizer
"test_state_transition" start time: Aug 10 01:29 CST
Output:
----------------------------------------------------------
-- run_test.py: invoking following command in '/opt/ipg/carmaker/linux64-15.1/autoracer_hooke/cross_scene_heading_build/autoware_ekf_localizer':
 - /opt/ipg/carmaker/linux64-15.1/autoracer_hooke/cross_scene_heading_build/autoware_ekf_localizer/test_state_transition --gtest_output=xml:/opt/ipg/carmaker/linux64-15.1/autoracer_hooke/cross_scene_heading_build/autoware_ekf_localizer/test_results/autoware_ekf_localizer/test_state_transition.gtest.xml
/opt/ipg/carmaker/linux64-15.1/autoracer_hooke/cross_scene_heading_build/autoware_ekf_localizer/test_state_transition: /opt/anaconda3/lib/libstdc++.so.6: version `GLIBCXX_3.4.30' not found (required by /opt/ros/humble/lib/librclcpp.so)
-- run_test.py: return code 1
-- run_test.py: generate result file '/opt/ipg/carmaker/linux64-15.1/autoracer_hooke/cross_scene_heading_build/autoware_ekf_localizer/test_results/autoware_ekf_localizer/test_state_transition.gtest.xml' with failed test
-- run_test.py: verify result file '/opt/ipg/carmaker/linux64-15.1/autoracer_hooke/cross_scene_heading_build/autoware_ekf_localizer/test_results/autoware_ekf_localizer/test_state_transition.gtest.xml'
<end of output>
Test time =   0.13 sec
----------------------------------------------------------
Test Failed.
"test_state_transition" end time: Aug 10 01:29 CST
"test_state_transition" time elapsed: 00:00:00
----------------------------------------------------------

14/19 Testing: test_string
14/19 Test: test_string
Command: "/opt/anaconda3/bin/python3" "-u" "/opt/ros/humble/share/ament_cmake_test/cmake/run_test.py" "/opt/ipg/carmaker/linux64-15.1/autoracer_hooke/cross_scene_heading_build/autoware_ekf_localizer/test_results/autoware_ekf_localizer/test_string.gtest.xml" "--package-name" "autoware_ekf_localizer" "--output-file" "/opt/ipg/carmaker/linux64-15.1/autoracer_hooke/cross_scene_heading_build/autoware_ekf_localizer/ament_cmake_gtest/test_string.txt" "--command" "/opt/ipg/carmaker/linux64-15.1/autoracer_hooke/cross_scene_heading_build/autoware_ekf_localizer/test_string" "--gtest_output=xml:/opt/ipg/carmaker/linux64-15.1/autoracer_hooke/cross_scene_heading_build/autoware_ekf_localizer/test_results/autoware_ekf_localizer/test_string.gtest.xml"
Directory: /opt/ipg/carmaker/linux64-15.1/autoracer_hooke/cross_scene_heading_build/autoware_ekf_localizer
"test_string" start time: Aug 10 01:29 CST
Output:
----------------------------------------------------------
-- run_test.py: invoking following command in '/opt/ipg/carmaker/linux64-15.1/autoracer_hooke/cross_scene_heading_build/autoware_ekf_localizer':
 - /opt/ipg/carmaker/linux64-15.1/autoracer_hooke/cross_scene_heading_build/autoware_ekf_localizer/test_string --gtest_output=xml:/opt/ipg/carmaker/linux64-15.1/autoracer_hooke/cross_scene_heading_build/autoware_ekf_localizer/test_results/autoware_ekf_localizer/test_string.gtest.xml
Running main() from /opt/ros/humble/src/gtest_vendor/src/gtest_main.cc
[==========] Running 1 test from 1 test suite.
[----------] Global test environment set-up.
[----------] 1 test from erase_leading_slash
[ RUN      ] erase_leading_slash.SmokeTest
[       OK ] erase_leading_slash.SmokeTest (0 ms)
[----------] 1 test from erase_leading_slash (0 ms total)

[----------] Global test environment tear-down
[==========] 1 test from 1 test suite ran. (1 ms total)
[  PASSED  ] 1 test.
-- run_test.py: return code 0
-- run_test.py: inject classname prefix into gtest result file '/opt/ipg/carmaker/linux64-15.1/autoracer_hooke/cross_scene_heading_build/autoware_ekf_localizer/test_results/autoware_ekf_localizer/test_string.gtest.xml'
-- run_test.py: verify result file '/opt/ipg/carmaker/linux64-15.1/autoracer_hooke/cross_scene_heading_build/autoware_ekf_localizer/test_results/autoware_ekf_localizer/test_string.gtest.xml'
<end of output>
Test time =   0.11 sec
----------------------------------------------------------
Test Passed.
"test_string" end time: Aug 10 01:29 CST
"test_string" time elapsed: 00:00:00
----------------------------------------------------------

15/19 Testing: test_warning_message
15/19 Test: test_warning_message
Command: "/opt/anaconda3/bin/python3" "-u" "/opt/ros/humble/share/ament_cmake_test/cmake/run_test.py" "/opt/ipg/carmaker/linux64-15.1/autoracer_hooke/cross_scene_heading_build/autoware_ekf_localizer/test_results/autoware_ekf_localizer/test_warning_message.gtest.xml" "--package-name" "autoware_ekf_localizer" "--output-file" "/opt/ipg/carmaker/linux64-15.1/autoracer_hooke/cross_scene_heading_build/autoware_ekf_localizer/ament_cmake_gtest/test_warning_message.txt" "--command" "/opt/ipg/carmaker/linux64-15.1/autoracer_hooke/cross_scene_heading_build/autoware_ekf_localizer/test_warning_message" "--gtest_output=xml:/opt/ipg/carmaker/linux64-15.1/autoracer_hooke/cross_scene_heading_build/autoware_ekf_localizer/test_results/autoware_ekf_localizer/test_warning_message.gtest.xml"
Directory: /opt/ipg/carmaker/linux64-15.1/autoracer_hooke/cross_scene_heading_build/autoware_ekf_localizer
"test_warning_message" start time: Aug 10 01:29 CST
Output:
----------------------------------------------------------
-- run_test.py: invoking following command in '/opt/ipg/carmaker/linux64-15.1/autoracer_hooke/cross_scene_heading_build/autoware_ekf_localizer':
 - /opt/ipg/carmaker/linux64-15.1/autoracer_hooke/cross_scene_heading_build/autoware_ekf_localizer/test_warning_message --gtest_output=xml:/opt/ipg/carmaker/linux64-15.1/autoracer_hooke/cross_scene_heading_build/autoware_ekf_localizer/test_results/autoware_ekf_localizer/test_warning_message.gtest.xml
/opt/ipg/carmaker/linux64-15.1/autoracer_hooke/cross_scene_heading_build/autoware_ekf_localizer/test_warning_message: /opt/anaconda3/lib/libstdc++.so.6: version `GLIBCXX_3.4.30' not found (required by /opt/ros/humble/lib/librclcpp.so)
-- run_test.py: return code 1
-- run_test.py: generate result file '/opt/ipg/carmaker/linux64-15.1/autoracer_hooke/cross_scene_heading_build/autoware_ekf_localizer/test_results/autoware_ekf_localizer/test_warning_message.gtest.xml' with failed test
-- run_test.py: verify result file '/opt/ipg/carmaker/linux64-15.1/autoracer_hooke/cross_scene_heading_build/autoware_ekf_localizer/test_results/autoware_ekf_localizer/test_warning_message.gtest.xml'
<end of output>
Test time =   0.13 sec
----------------------------------------------------------
Test Failed.
"test_warning_message" end time: Aug 10 01:29 CST
"test_warning_message" time elapsed: 00:00:00
----------------------------------------------------------

16/19 Testing: copyright
16/19 Test: copyright
Command: "/opt/anaconda3/bin/python3" "-u" "/opt/ros/humble/share/ament_cmake_test/cmake/run_test.py" "/opt/ipg/carmaker/linux64-15.1/autoracer_hooke/cross_scene_heading_build/autoware_ekf_localizer/test_results/autoware_ekf_localizer/copyright.xunit.xml" "--package-name" "autoware_ekf_localizer" "--output-file" "/opt/ipg/carmaker/linux64-15.1/autoracer_hooke/cross_scene_heading_build/autoware_ekf_localizer/ament_copyright/copyright.txt" "--command" "/opt/ros/humble/bin/ament_copyright" "--xunit-file" "/opt/ipg/carmaker/linux64-15.1/autoracer_hooke/cross_scene_heading_build/autoware_ekf_localizer/test_results/autoware_ekf_localizer/copyright.xunit.xml"
Directory: /opt/ipg/carmaker/linux64-15.1/autoracer_hooke/vendor_ws/src/autoware/core/localization/autoware_ekf_localizer
"copyright" start time: Aug 10 01:29 CST
Output:
----------------------------------------------------------
-- run_test.py: invoking following command in '/opt/ipg/carmaker/linux64-15.1/autoracer_hooke/vendor_ws/src/autoware/core/localization/autoware_ekf_localizer':
 - /opt/ros/humble/bin/ament_copyright --xunit-file /opt/ipg/carmaker/linux64-15.1/autoracer_hooke/cross_scene_heading_build/autoware_ekf_localizer/test_results/autoware_ekf_localizer/copyright.xunit.xml
No problems found, checked 40 files
-- run_test.py: return code 0
-- run_test.py: verify result file '/opt/ipg/carmaker/linux64-15.1/autoracer_hooke/cross_scene_heading_build/autoware_ekf_localizer/test_results/autoware_ekf_localizer/copyright.xunit.xml'
<end of output>
Test time =   1.24 sec
----------------------------------------------------------
Test Passed.
"copyright" end time: Aug 10 01:29 CST
"copyright" time elapsed: 00:00:01
----------------------------------------------------------

17/19 Testing: cppcheck
17/19 Test: cppcheck
Command: "/opt/anaconda3/bin/python3" "-u" "/opt/ros/humble/share/ament_cmake_test/cmake/run_test.py" "/opt/ipg/carmaker/linux64-15.1/autoracer_hooke/cross_scene_heading_build/autoware_ekf_localizer/test_results/autoware_ekf_localizer/cppcheck.xunit.xml" "--package-name" "autoware_ekf_localizer" "--output-file" "/opt/ipg/carmaker/linux64-15.1/autoracer_hooke/cross_scene_heading_build/autoware_ekf_localizer/ament_cppcheck/cppcheck.txt" "--command" "/opt/ros/humble/bin/ament_cppcheck" "--xunit-file" "/opt/ipg/carmaker/linux64-15.1/autoracer_hooke/cross_scene_heading_build/autoware_ekf_localizer/test_results/autoware_ekf_localizer/cppcheck.xunit.xml" "--include_dirs" "/opt/ipg/carmaker/linux64-15.1/autoracer_hooke/vendor_ws/src/autoware/core/localization/autoware_ekf_localizer/include"
Directory: /opt/ipg/carmaker/linux64-15.1/autoracer_hooke/vendor_ws/src/autoware/core/localization/autoware_ekf_localizer
"cppcheck" start time: Aug 10 01:29 CST
Output:
----------------------------------------------------------
-- run_test.py: invoking following command in '/opt/ipg/carmaker/linux64-15.1/autoracer_hooke/vendor_ws/src/autoware/core/localization/autoware_ekf_localizer':
 - /opt/ros/humble/bin/ament_cppcheck --xunit-file /opt/ipg/carmaker/linux64-15.1/autoracer_hooke/cross_scene_heading_build/autoware_ekf_localizer/test_results/autoware_ekf_localizer/cppcheck.xunit.xml --include_dirs /opt/ipg/carmaker/linux64-15.1/autoracer_hooke/vendor_ws/src/autoware/core/localization/autoware_ekf_localizer/include
cppcheck 2.7 has known performance issues and therefore will not be used, set the AMENT_CPPCHECK_ALLOW_SLOW_VERSIONS environment variable to override this.
-- run_test.py: return code 0
-- run_test.py: verify result file '/opt/ipg/carmaker/linux64-15.1/autoracer_hooke/cross_scene_heading_build/autoware_ekf_localizer/test_results/autoware_ekf_localizer/cppcheck.xunit.xml'
<end of output>
Test time =   0.23 sec
----------------------------------------------------------
Test Passed.
"cppcheck" end time: Aug 10 01:29 CST
"cppcheck" time elapsed: 00:00:00
----------------------------------------------------------

18/19 Testing: lint_cmake
18/19 Test: lint_cmake
Command: "/opt/anaconda3/bin/python3" "-u" "/opt/ros/humble/share/ament_cmake_test/cmake/run_test.py" "/opt/ipg/carmaker/linux64-15.1/autoracer_hooke/cross_scene_heading_build/autoware_ekf_localizer/test_results/autoware_ekf_localizer/lint_cmake.xunit.xml" "--package-name" "autoware_ekf_localizer" "--output-file" "/opt/ipg/carmaker/linux64-15.1/autoracer_hooke/cross_scene_heading_build/autoware_ekf_localizer/ament_lint_cmake/lint_cmake.txt" "--command" "/opt/ros/humble/bin/ament_lint_cmake" "--xunit-file" "/opt/ipg/carmaker/linux64-15.1/autoracer_hooke/cross_scene_heading_build/autoware_ekf_localizer/test_results/autoware_ekf_localizer/lint_cmake.xunit.xml"
Directory: /opt/ipg/carmaker/linux64-15.1/autoracer_hooke/vendor_ws/src/autoware/core/localization/autoware_ekf_localizer
"lint_cmake" start time: Aug 10 01:29 CST
Output:
----------------------------------------------------------
-- run_test.py: invoking following command in '/opt/ipg/carmaker/linux64-15.1/autoracer_hooke/vendor_ws/src/autoware/core/localization/autoware_ekf_localizer':
 - /opt/ros/humble/bin/ament_lint_cmake --xunit-file /opt/ipg/carmaker/linux64-15.1/autoracer_hooke/cross_scene_heading_build/autoware_ekf_localizer/test_results/autoware_ekf_localizer/lint_cmake.xunit.xml

No problems found
-- run_test.py: return code 0
-- run_test.py: verify result file '/opt/ipg/carmaker/linux64-15.1/autoracer_hooke/cross_scene_heading_build/autoware_ekf_localizer/test_results/autoware_ekf_localizer/lint_cmake.xunit.xml'
<end of output>
Test time =   0.20 sec
----------------------------------------------------------
Test Passed.
"lint_cmake" end time: Aug 10 01:29 CST
"lint_cmake" time elapsed: 00:00:00
----------------------------------------------------------

19/19 Testing: xmllint
19/19 Test: xmllint
Command: "/opt/anaconda3/bin/python3" "-u" "/opt/ros/humble/share/ament_cmake_test/cmake/run_test.py" "/opt/ipg/carmaker/linux64-15.1/autoracer_hooke/cross_scene_heading_build/autoware_ekf_localizer/test_results/autoware_ekf_localizer/xmllint.xunit.xml" "--package-name" "autoware_ekf_localizer" "--output-file" "/opt/ipg/carmaker/linux64-15.1/autoracer_hooke/cross_scene_heading_build/autoware_ekf_localizer/ament_xmllint/xmllint.txt" "--command" "/opt/ros/humble/bin/ament_xmllint" "--xunit-file" "/opt/ipg/carmaker/linux64-15.1/autoracer_hooke/cross_scene_heading_build/autoware_ekf_localizer/test_results/autoware_ekf_localizer/xmllint.xunit.xml"
Directory: /opt/ipg/carmaker/linux64-15.1/autoracer_hooke/vendor_ws/src/autoware/core/localization/autoware_ekf_localizer
"xmllint" start time: Aug 10 01:29 CST
Output:
----------------------------------------------------------
-- run_test.py: invoking following command in '/opt/ipg/carmaker/linux64-15.1/autoracer_hooke/vendor_ws/src/autoware/core/localization/autoware_ekf_localizer':
 - /opt/ros/humble/bin/ament_xmllint --xunit-file /opt/ipg/carmaker/linux64-15.1/autoracer_hooke/cross_scene_heading_build/autoware_ekf_localizer/test_results/autoware_ekf_localizer/xmllint.xunit.xml
File 'package.xml' is valid

File 'launch/ekf_localizer.launch.xml' is valid

No problems found
-- run_test.py: return code 0
-- run_test.py: verify result file '/opt/ipg/carmaker/linux64-15.1/autoracer_hooke/cross_scene_heading_build/autoware_ekf_localizer/test_results/autoware_ekf_localizer/xmllint.xunit.xml'
<end of output>
Test time =   1.20 sec
----------------------------------------------------------
Test Passed.
"xmllint" end time: Aug 10 01:29 CST
"xmllint" time elapsed: 00:00:01
----------------------------------------------------------

End testing: Aug 10 01:29 CST

copyright =   1.24 sec*proc

cppcheck =   0.23 sec*proc

gtest =   1.59 sec*proc

launch_test =   1.12 sec*proc

lint_cmake =   0.20 sec*proc

linter =   2.86 sec*proc

xmllint =   1.20 sec*proc

