<?xml version='1.0' encoding='utf-8'?>
<testsuites name="autoware_ekf_localizer.test_ekf_localizer_launch" tests="2" failures="0" errors="0" time="0.359"><testsuite name="autoware_ekf_localizer.test_ekf_localizer_launch.launch_tests" tests="2" failures="0" errors="0" skipped="0" time="0.359"><testcase classname="autoware_ekf_localizer.TestEKFLocalizer" name="test_node_link" time="0.359" /><testcase classname="autoware_ekf_localizer.TestProcessOutput" name="test_exit_code" time="0.0" /></testsuite></testsuites>