<?xml version="1.0" encoding="UTF-8"?>
<testsuites tests="2" failures="0" disabled="0" errors="0" time="0" timestamp="2026-08-10T01:30:19" name="AllTests">
  <testsuite name="Numeric" tests="2" failures="0" disabled="0" errors="0" time="0" timestamp="2026-08-10T01:30:19">
    <testcase name="has_nan" status="run" result="completed" time="0" timestamp="2026-08-10T01:30:19" classname="autoware_ekf_localizer.Numeric" />
    <testcase name="has_inf" status="run" result="completed" time="0" timestamp="2026-08-10T01:30:19" classname="autoware_ekf_localizer.Numeric" />
  </testsuite>
</testsuites>
