<?xml version="1.0" encoding="UTF-8"?>
<Site BuildName="(empty)"
	BuildStamp="20260809-1733-Experimental"
	Name="ubuntu-2204-4090"
	Generator="ctest-3.22.1"
	CompilerName="/usr/bin/c++"
	CompilerVersion="11.4.0"
	OSName="Linux"
	Hostname="ubuntu-2204-4090"
	OSRelease="6.8.0-85-generic"
	OSVersion="#85~22.04.1-Ubuntu SMP PREEMPT_DYNAMIC Fri Sep 19 16:18:59 UTC 2"
	OSPlatform="x86_64"
	Is64Bits="1"
	VendorString="AuthenticAMD"
	VendorID="Advanced Micro Devices"
	FamilyID="25"
	ModelID="160"
	ProcessorCacheSize="1024"
	NumberOfLogicalCPU="512"
	NumberOfPhysicalCPU="256"
	TotalVirtualMemory="976"
	TotalPhysicalMemory="515435"
	LogicalProcessorsPerPhysical="2"
	ProcessorClockFrequency="1500"
	>
	<Testing>
		<StartDateTime>Aug 10 01:33 CST</StartDateTime>
		<StartTestTime>1786296816</StartTestTime>
		<TestList>
			<Test>./test_autoware_kalman_filter</Test>
			<Test>./cppcheck</Test>
			<Test>./copyright</Test>
			<Test>./lint_cmake</Test>
			<Test>./xmllint</Test>
		</TestList>
		<Test Status="passed">
			<Name>test_autoware_kalman_filter</Name>
			<Path>.</Path>
			<FullName>./test_autoware_kalman_filter</FullName>
			<FullCommandLine>/usr/bin/python3 "-u" "/opt/ros/humble/share/ament_cmake_ros/cmake/run_test_isolated.py" "/opt/ipg/carmaker/linux64-15.1/autoracer_hooke/cross_scene_heading_build_v2/autoware_kalman_filter/test_results/autoware_kalman_filter/test_autoware_kalman_filter.gtest.xml" "--package-name" "autoware_kalman_filter" "--output-file" "/opt/ipg/carmaker/linux64-15.1/autoracer_hooke/cross_scene_heading_build_v2/autoware_kalman_filter/ament_cmake_gtest/test_autoware_kalman_filter.txt" "--command" "/opt/ipg/carmaker/linux64-15.1/autoracer_hooke/cross_scene_heading_build_v2/autoware_kalman_filter/test_autoware_kalman_filter" "--gtest_output=xml:/opt/ipg/carmaker/linux64-15.1/autoracer_hooke/cross_scene_heading_build_v2/autoware_kalman_filter/test_results/autoware_kalman_filter/test_autoware_kalman_filter.gtest.xml"</FullCommandLine>
			<Results>
				<NamedMeasurement type="numeric/double" name="Execution Time">
					<Value>3.08048</Value>
				</NamedMeasurement>
				<NamedMeasurement type="numeric/double" name="Processors">
					<Value>1</Value>
				</NamedMeasurement>
				<NamedMeasurement type="text/string" name="Completion Status">
					<Value>Completed</Value>
				</NamedMeasurement>
				<NamedMeasurement type="text/string" name="Command Line">
					<Value>/usr/bin/python3 "-u" "/opt/ros/humble/share/ament_cmake_ros/cmake/run_test_isolated.py" "/opt/ipg/carmaker/linux64-15.1/autoracer_hooke/cross_scene_heading_build_v2/autoware_kalman_filter/test_results/autoware_kalman_filter/test_autoware_kalman_filter.gtest.xml" "--package-name" "autoware_kalman_filter" "--output-file" "/opt/ipg/carmaker/linux64-15.1/autoracer_hooke/cross_scene_heading_build_v2/autoware_kalman_filter/ament_cmake_gtest/test_autoware_kalman_filter.txt" "--command" "/opt/ipg/carmaker/linux64-15.1/autoracer_hooke/cross_scene_heading_build_v2/autoware_kalman_filter/test_autoware_kalman_filter" "--gtest_output=xml:/opt/ipg/carmaker/linux64-15.1/autoracer_hooke/cross_scene_heading_build_v2/autoware_kalman_filter/test_results/autoware_kalman_filter/test_autoware_kalman_filter.gtest.xml"</Value>
				</NamedMeasurement>
				<NamedMeasurement type="text/string" name="Environment">
					<Value>#CTEST_RESOURCE_GROUP_COUNT=</Value>
				</NamedMeasurement>
				<Measurement>
					<Value>Running with ROS_DOMAIN_ID 1
-- run_test.py: invoking following command in '/opt/ipg/carmaker/linux64-15.1/autoracer_hooke/cross_scene_heading_build_v2/autoware_kalman_filter':
 - /opt/ipg/carmaker/linux64-15.1/autoracer_hooke/cross_scene_heading_build_v2/autoware_kalman_filter/test_autoware_kalman_filter --gtest_output=xml:/opt/ipg/carmaker/linux64-15.1/autoracer_hooke/cross_scene_heading_build_v2/autoware_kalman_filter/test_results/autoware_kalman_filter/test_autoware_kalman_filter.gtest.xml
[==========] Running 14 tests from 2 test suites.
[----------] Global test environment set-up.
[----------] 6 tests from kalman_filter
[ RUN      ] kalman_filter.kf
[       OK ] kalman_filter.kf (2 ms)
[ RUN      ] kalman_filter.repeated_precise_updates_preserve_covariance_invariants
[       OK ] kalman_filter.repeated_precise_updates_preserve_covariance_invariants (2954 ms)
[ RUN      ] kalman_filter.invalid_innovation_covariance_does_not_modify_filter
[       OK ] kalman_filter.invalid_innovation_covariance_does_not_modify_filter (0 ms)
[ RUN      ] kalman_filter.state_mask_blocks_cross_gain_and_preserves_covariance_invariants
[       OK ] kalman_filter.state_mask_blocks_cross_gain_and_preserves_covariance_invariants (1 ms)
[ RUN      ] kalman_filter.all_one_state_mask_matches_unmasked_update
[       OK ] kalman_filter.all_one_state_mask_matches_unmasked_update (0 ms)
[ RUN      ] kalman_filter.state_mask_can_decorrelate_selected_and_unselected_states
[       OK ] kalman_filter.state_mask_can_decorrelate_selected_and_unselected_states (0 ms)
[----------] 6 tests from kalman_filter (2957 ms total)

[----------] 8 tests from time_delay_kalman_filter
[ RUN      ] time_delay_kalman_filter.td_kf
[       OK ] time_delay_kalman_filter.td_kf (1 ms)
[ RUN      ] time_delay_kalman_filter.delayed_state_mask_shields_unselected_state_across_history
[       OK ] time_delay_kalman_filter.delayed_state_mask_shields_unselected_state_across_history (0 ms)
[ RUN      ] time_delay_kalman_filter.position_only_standard_update_conditions_correlated_motion_state
[       OK ] time_delay_kalman_filter.position_only_standard_update_conditions_correlated_motion_state (0 ms)
[ RUN      ] time_delay_kalman_filter.schmidt_position_update_can_condition_velocity_without_yaw
[       OK ] time_delay_kalman_filter.schmidt_position_update_can_condition_velocity_without_yaw (1 ms)
[ RUN      ] time_delay_kalman_filter.non_delayed_tail_reduces_dimension_and_tracks_current_value
[       OK ] time_delay_kalman_filter.non_delayed_tail_reduces_dimension_and_tracks_current_value (3 ms)
[ RUN      ] time_delay_kalman_filter.delayed_measurement_uses_delayed_vehicle_and_current_tail
[       OK ] time_delay_kalman_filter.delayed_measurement_uses_delayed_vehicle_and_current_tail (1 ms)
[ RUN      ] time_delay_kalman_filter.default_layout_remains_fully_delayed
[       OK ] time_delay_kalman_filter.default_layout_remains_fully_delayed (0 ms)
[ RUN      ] time_delay_kalman_filter.compact_tail_prediction_matches_explicit_transition
[       OK ] time_delay_kalman_filter.compact_tail_prediction_matches_explicit_transition (0 ms)
[----------] 8 tests from time_delay_kalman_filter (6 ms total)

[----------] Global test environment tear-down
[==========] 14 tests from 2 test suites ran. (2963 ms total)
[  PASSED  ] 14 tests.
-- run_test.py: return code 0
-- run_test.py: inject classname prefix into gtest result file '/opt/ipg/carmaker/linux64-15.1/autoracer_hooke/cross_scene_heading_build_v2/autoware_kalman_filter/test_results/autoware_kalman_filter/test_autoware_kalman_filter.gtest.xml'
-- run_test.py: verify result file '/opt/ipg/carmaker/linux64-15.1/autoracer_hooke/cross_scene_heading_build_v2/autoware_kalman_filter/test_results/autoware_kalman_filter/test_autoware_kalman_filter.gtest.xml'
</Value>
				</Measurement>
			</Results>
			<Labels>
				<Label>gtest</Label>
			</Labels>
		</Test>
		<Test Status="passed">
			<Name>cppcheck</Name>
			<Path>.</Path>
			<FullName>./cppcheck</FullName>
			<FullCommandLine>/usr/bin/python3 "-u" "/opt/ros/humble/share/ament_cmake_test/cmake/run_test.py" "/opt/ipg/carmaker/linux64-15.1/autoracer_hooke/cross_scene_heading_build_v2/autoware_kalman_filter/test_results/autoware_kalman_filter/cppcheck.xunit.xml" "--package-name" "autoware_kalman_filter" "--output-file" "/opt/ipg/carmaker/linux64-15.1/autoracer_hooke/cross_scene_heading_build_v2/autoware_kalman_filter/ament_cppcheck/cppcheck.txt" "--command" "/opt/ros/humble/bin/ament_cppcheck" "--xunit-file" "/opt/ipg/carmaker/linux64-15.1/autoracer_hooke/cross_scene_heading_build_v2/autoware_kalman_filter/test_results/autoware_kalman_filter/cppcheck.xunit.xml" "--include_dirs" "/opt/ipg/carmaker/linux64-15.1/autoracer_hooke/vendor_ws/src/autoware/core/common/autoware_kalman_filter/include"</FullCommandLine>
			<Results>
				<NamedMeasurement type="numeric/double" name="Execution Time">
					<Value>0.22407</Value>
				</NamedMeasurement>
				<NamedMeasurement type="numeric/double" name="Processors">
					<Value>1</Value>
				</NamedMeasurement>
				<NamedMeasurement type="text/string" name="Completion Status">
					<Value>Completed</Value>
				</NamedMeasurement>
				<NamedMeasurement type="text/string" name="Command Line">
					<Value>/usr/bin/python3 "-u" "/opt/ros/humble/share/ament_cmake_test/cmake/run_test.py" "/opt/ipg/carmaker/linux64-15.1/autoracer_hooke/cross_scene_heading_build_v2/autoware_kalman_filter/test_results/autoware_kalman_filter/cppcheck.xunit.xml" "--package-name" "autoware_kalman_filter" "--output-file" "/opt/ipg/carmaker/linux64-15.1/autoracer_hooke/cross_scene_heading_build_v2/autoware_kalman_filter/ament_cppcheck/cppcheck.txt" "--command" "/opt/ros/humble/bin/ament_cppcheck" "--xunit-file" "/opt/ipg/carmaker/linux64-15.1/autoracer_hooke/cross_scene_heading_build_v2/autoware_kalman_filter/test_results/autoware_kalman_filter/cppcheck.xunit.xml" "--include_dirs" "/opt/ipg/carmaker/linux64-15.1/autoracer_hooke/vendor_ws/src/autoware/core/common/autoware_kalman_filter/include"</Value>
				</NamedMeasurement>
				<NamedMeasurement type="text/string" name="Environment">
					<Value>#CTEST_RESOURCE_GROUP_COUNT=</Value>
				</NamedMeasurement>
				<Measurement>
					<Value>-- run_test.py: invoking following command in '/opt/ipg/carmaker/linux64-15.1/autoracer_hooke/vendor_ws/src/autoware/core/common/autoware_kalman_filter':
 - /opt/ros/humble/bin/ament_cppcheck --xunit-file /opt/ipg/carmaker/linux64-15.1/autoracer_hooke/cross_scene_heading_build_v2/autoware_kalman_filter/test_results/autoware_kalman_filter/cppcheck.xunit.xml --include_dirs /opt/ipg/carmaker/linux64-15.1/autoracer_hooke/vendor_ws/src/autoware/core/common/autoware_kalman_filter/include
cppcheck 2.7 has known performance issues and therefore will not be used, set the AMENT_CPPCHECK_ALLOW_SLOW_VERSIONS environment variable to override this.
-- run_test.py: return code 0
-- run_test.py: verify result file '/opt/ipg/carmaker/linux64-15.1/autoracer_hooke/cross_scene_heading_build_v2/autoware_kalman_filter/test_results/autoware_kalman_filter/cppcheck.xunit.xml'
</Value>
				</Measurement>
			</Results>
			<Labels>
				<Label>cppcheck</Label>
				<Label>linter</Label>
			</Labels>
		</Test>
		<Test Status="passed">
			<Name>copyright</Name>
			<Path>.</Path>
			<FullName>./copyright</FullName>
			<FullCommandLine>/usr/bin/python3 "-u" "/opt/ros/humble/share/ament_cmake_test/cmake/run_test.py" "/opt/ipg/carmaker/linux64-15.1/autoracer_hooke/cross_scene_heading_build_v2/autoware_kalman_filter/test_results/autoware_kalman_filter/copyright.xunit.xml" "--package-name" "autoware_kalman_filter" "--output-file" "/opt/ipg/carmaker/linux64-15.1/autoracer_hooke/cross_scene_heading_build_v2/autoware_kalman_filter/ament_copyright/copyright.txt" "--command" "/opt/ros/humble/bin/ament_copyright" "--xunit-file" "/opt/ipg/carmaker/linux64-15.1/autoracer_hooke/cross_scene_heading_build_v2/autoware_kalman_filter/test_results/autoware_kalman_filter/copyright.xunit.xml"</FullCommandLine>
			<Results>
				<NamedMeasurement type="numeric/double" name="Execution Time">
					<Value>0.392822</Value>
				</NamedMeasurement>
				<NamedMeasurement type="numeric/double" name="Processors">
					<Value>1</Value>
				</NamedMeasurement>
				<NamedMeasurement type="text/string" name="Completion Status">
					<Value>Completed</Value>
				</NamedMeasurement>
				<NamedMeasurement type="text/string" name="Command Line">
					<Value>/usr/bin/python3 "-u" "/opt/ros/humble/share/ament_cmake_test/cmake/run_test.py" "/opt/ipg/carmaker/linux64-15.1/autoracer_hooke/cross_scene_heading_build_v2/autoware_kalman_filter/test_results/autoware_kalman_filter/copyright.xunit.xml" "--package-name" "autoware_kalman_filter" "--output-file" "/opt/ipg/carmaker/linux64-15.1/autoracer_hooke/cross_scene_heading_build_v2/autoware_kalman_filter/ament_copyright/copyright.txt" "--command" "/opt/ros/humble/bin/ament_copyright" "--xunit-file" "/opt/ipg/carmaker/linux64-15.1/autoracer_hooke/cross_scene_heading_build_v2/autoware_kalman_filter/test_results/autoware_kalman_filter/copyright.xunit.xml"</Value>
				</NamedMeasurement>
				<NamedMeasurement type="text/string" name="Environment">
					<Value>#CTEST_RESOURCE_GROUP_COUNT=</Value>
				</NamedMeasurement>
				<Measurement>
					<Value>-- run_test.py: invoking following command in '/opt/ipg/carmaker/linux64-15.1/autoracer_hooke/vendor_ws/src/autoware/core/common/autoware_kalman_filter':
 - /opt/ros/humble/bin/ament_copyright --xunit-file /opt/ipg/carmaker/linux64-15.1/autoracer_hooke/cross_scene_heading_build_v2/autoware_kalman_filter/test_results/autoware_kalman_filter/copyright.xunit.xml
No problems found, checked 6 files
-- run_test.py: return code 0
-- run_test.py: verify result file '/opt/ipg/carmaker/linux64-15.1/autoracer_hooke/cross_scene_heading_build_v2/autoware_kalman_filter/test_results/autoware_kalman_filter/copyright.xunit.xml'
</Value>
				</Measurement>
			</Results>
			<Labels>
				<Label>copyright</Label>
				<Label>linter</Label>
			</Labels>
		</Test>
		<Test Status="passed">
			<Name>lint_cmake</Name>
			<Path>.</Path>
			<FullName>./lint_cmake</FullName>
			<FullCommandLine>/usr/bin/python3 "-u" "/opt/ros/humble/share/ament_cmake_test/cmake/run_test.py" "/opt/ipg/carmaker/linux64-15.1/autoracer_hooke/cross_scene_heading_build_v2/autoware_kalman_filter/test_results/autoware_kalman_filter/lint_cmake.xunit.xml" "--package-name" "autoware_kalman_filter" "--output-file" "/opt/ipg/carmaker/linux64-15.1/autoracer_hooke/cross_scene_heading_build_v2/autoware_kalman_filter/ament_lint_cmake/lint_cmake.txt" "--command" "/opt/ros/humble/bin/ament_lint_cmake" "--xunit-file" "/opt/ipg/carmaker/linux64-15.1/autoracer_hooke/cross_scene_heading_build_v2/autoware_kalman_filter/test_results/autoware_kalman_filter/lint_cmake.xunit.xml"</FullCommandLine>
			<Results>
				<NamedMeasurement type="numeric/double" name="Execution Time">
					<Value>0.200361</Value>
				</NamedMeasurement>
				<NamedMeasurement type="numeric/double" name="Processors">
					<Value>1</Value>
				</NamedMeasurement>
				<NamedMeasurement type="text/string" name="Completion Status">
					<Value>Completed</Value>
				</NamedMeasurement>
				<NamedMeasurement type="text/string" name="Command Line">
					<Value>/usr/bin/python3 "-u" "/opt/ros/humble/share/ament_cmake_test/cmake/run_test.py" "/opt/ipg/carmaker/linux64-15.1/autoracer_hooke/cross_scene_heading_build_v2/autoware_kalman_filter/test_results/autoware_kalman_filter/lint_cmake.xunit.xml" "--package-name" "autoware_kalman_filter" "--output-file" "/opt/ipg/carmaker/linux64-15.1/autoracer_hooke/cross_scene_heading_build_v2/autoware_kalman_filter/ament_lint_cmake/lint_cmake.txt" "--command" "/opt/ros/humble/bin/ament_lint_cmake" "--xunit-file" "/opt/ipg/carmaker/linux64-15.1/autoracer_hooke/cross_scene_heading_build_v2/autoware_kalman_filter/test_results/autoware_kalman_filter/lint_cmake.xunit.xml"</Value>
				</NamedMeasurement>
				<NamedMeasurement type="text/string" name="Environment">
					<Value>#CTEST_RESOURCE_GROUP_COUNT=</Value>
				</NamedMeasurement>
				<Measurement>
					<Value>-- run_test.py: invoking following command in '/opt/ipg/carmaker/linux64-15.1/autoracer_hooke/vendor_ws/src/autoware/core/common/autoware_kalman_filter':
 - /opt/ros/humble/bin/ament_lint_cmake --xunit-file /opt/ipg/carmaker/linux64-15.1/autoracer_hooke/cross_scene_heading_build_v2/autoware_kalman_filter/test_results/autoware_kalman_filter/lint_cmake.xunit.xml

No problems found
-- run_test.py: return code 0
-- run_test.py: verify result file '/opt/ipg/carmaker/linux64-15.1/autoracer_hooke/cross_scene_heading_build_v2/autoware_kalman_filter/test_results/autoware_kalman_filter/lint_cmake.xunit.xml'
</Value>
				</Measurement>
			</Results>
			<Labels>
				<Label>lint_cmake</Label>
				<Label>linter</Label>
			</Labels>
		</Test>
		<Test Status="passed">
			<Name>xmllint</Name>
			<Path>.</Path>
			<FullName>./xmllint</FullName>
			<FullCommandLine>/usr/bin/python3 "-u" "/opt/ros/humble/share/ament_cmake_test/cmake/run_test.py" "/opt/ipg/carmaker/linux64-15.1/autoracer_hooke/cross_scene_heading_build_v2/autoware_kalman_filter/test_results/autoware_kalman_filter/xmllint.xunit.xml" "--package-name" "autoware_kalman_filter" "--output-file" "/opt/ipg/carmaker/linux64-15.1/autoracer_hooke/cross_scene_heading_build_v2/autoware_kalman_filter/ament_xmllint/xmllint.txt" "--command" "/opt/ros/humble/bin/ament_xmllint" "--xunit-file" "/opt/ipg/carmaker/linux64-15.1/autoracer_hooke/cross_scene_heading_build_v2/autoware_kalman_filter/test_results/autoware_kalman_filter/xmllint.xunit.xml"</FullCommandLine>
			<Results>
				<NamedMeasurement type="numeric/double" name="Execution Time">
					<Value>0.920286</Value>
				</NamedMeasurement>
				<NamedMeasurement type="numeric/double" name="Processors">
					<Value>1</Value>
				</NamedMeasurement>
				<NamedMeasurement type="text/string" name="Completion Status">
					<Value>Completed</Value>
				</NamedMeasurement>
				<NamedMeasurement type="text/string" name="Command Line">
					<Value>/usr/bin/python3 "-u" "/opt/ros/humble/share/ament_cmake_test/cmake/run_test.py" "/opt/ipg/carmaker/linux64-15.1/autoracer_hooke/cross_scene_heading_build_v2/autoware_kalman_filter/test_results/autoware_kalman_filter/xmllint.xunit.xml" "--package-name" "autoware_kalman_filter" "--output-file" "/opt/ipg/carmaker/linux64-15.1/autoracer_hooke/cross_scene_heading_build_v2/autoware_kalman_filter/ament_xmllint/xmllint.txt" "--command" "/opt/ros/humble/bin/ament_xmllint" "--xunit-file" "/opt/ipg/carmaker/linux64-15.1/autoracer_hooke/cross_scene_heading_build_v2/autoware_kalman_filter/test_results/autoware_kalman_filter/xmllint.xunit.xml"</Value>
				</NamedMeasurement>
				<NamedMeasurement type="text/string" name="Environment">
					<Value>#CTEST_RESOURCE_GROUP_COUNT=</Value>
				</NamedMeasurement>
				<Measurement>
					<Value>-- run_test.py: invoking following command in '/opt/ipg/carmaker/linux64-15.1/autoracer_hooke/vendor_ws/src/autoware/core/common/autoware_kalman_filter':
 - /opt/ros/humble/bin/ament_xmllint --xunit-file /opt/ipg/carmaker/linux64-15.1/autoracer_hooke/cross_scene_heading_build_v2/autoware_kalman_filter/test_results/autoware_kalman_filter/xmllint.xunit.xml
File 'package.xml' is valid

No problems found
-- run_test.py: return code 0
-- run_test.py: verify result file '/opt/ipg/carmaker/linux64-15.1/autoracer_hooke/cross_scene_heading_build_v2/autoware_kalman_filter/test_results/autoware_kalman_filter/xmllint.xunit.xml'
</Value>
				</Measurement>
			</Results>
			<Labels>
				<Label>linter</Label>
				<Label>xmllint</Label>
			</Labels>
		</Test>
		<EndDateTime>Aug 10 01:33 CST</EndDateTime>
		<EndTestTime>1786296821</EndTestTime>
		<ElapsedMinutes>0</ElapsedMinutes>
	</Testing>
</Site>
