<?xml version="1.0" encoding="UTF-8"?>
<testsuites tests="6" failures="0" disabled="0" errors="0" time="0" timestamp="2026-08-10T01:29:12" name="AllTests">
  <testsuite name="Simple1DFilter" tests="6" failures="0" disabled="0" errors="0" time="0" timestamp="2026-08-10T01:29:12">
    <testcase name="split_predict_and_correct_is_equivalent_to_legacy_update" status="run" result="completed" time="0" timestamp="2026-08-10T01:29:12" classname="autoware_ekf_localizer.Simple1DFilter" />
    <testcase name="covariance_grows_on_every_predict_tick_without_measurement" status="run" result="completed" time="0" timestamp="2026-08-10T01:29:12" classname="autoware_ekf_localizer.Simple1DFilter" />
    <testcase name="multiple_measurements_in_one_predict_tick_do_not_duplicate_process_noise" status="run" result="completed" time="0" timestamp="2026-08-10T01:29:12" classname="autoware_ekf_localizer.Simple1DFilter" />
    <testcase name="prediction_before_initialization_is_a_noop" status="run" result="completed" time="0" timestamp="2026-08-10T01:29:12" classname="autoware_ekf_localizer.Simple1DFilter" />
    <testcase name="kinematic_prediction_moves_state_and_grows_covariance" status="run" result="completed" time="0" timestamp="2026-08-10T01:29:12" classname="autoware_ekf_localizer.Simple1DFilter" />
    <testcase name="invalid_kinematic_prediction_is_a_noop" status="run" result="completed" time="0" timestamp="2026-08-10T01:29:12" classname="autoware_ekf_localizer.Simple1DFilter" />
  </testsuite>
</testsuites>
