<?xml version="1.0" encoding="UTF-8"?>
<testsuites tests="5" failures="0" disabled="0" errors="0" time="0" timestamp="2026-08-10T01:29:11" name="AllTests">
  <testsuite name="AgedObjectQueue" tests="5" failures="0" disabled="0" errors="0" time="0" timestamp="2026-08-10T01:29:11">
    <testcase name="DiscardsObjectWhenAgeReachesMaximum" status="run" result="completed" time="0" timestamp="2026-08-10T01:29:11" classname="autoware_ekf_localizer.AgedObjectQueue" />
    <testcase name="MultipleObjects" status="run" result="completed" time="0" timestamp="2026-08-10T01:29:11" classname="autoware_ekf_localizer.AgedObjectQueue" />
    <testcase name="Empty" status="run" result="completed" time="0" timestamp="2026-08-10T01:29:11" classname="autoware_ekf_localizer.AgedObjectQueue" />
    <testcase name="Clear" status="run" result="completed" time="0" timestamp="2026-08-10T01:29:11" classname="autoware_ekf_localizer.AgedObjectQueue" />
    <testcase name="Back" status="run" result="completed" time="0" timestamp="2026-08-10T01:29:11" classname="autoware_ekf_localizer.AgedObjectQueue" />
  </testsuite>
</testsuites>
