<?xml version="1.0" encoding="UTF-8"?>
<testsuites tests="48" failures="0" disabled="0" errors="0" time="9.531" timestamp="2026-08-10T01:30:15" name="AllTests">
  <testsuite name="PoseCovarianceModifier" tests="48" failures="0" disabled="0" errors="0" time="9.531" timestamp="2026-08-10T01:30:15">
    <testcase name="official_policy_preserves_xy_boundaries" status="run" result="completed" time="0.225" timestamp="2026-08-10T01:30:15" classname="autoware_pose_covariance_modifier.PoseCovarianceModifier" />
    <testcase name="official_policy_ignores_optional_receiver_status_contract" status="run" result="completed" time="0.056" timestamp="2026-08-10T01:30:16" classname="autoware_pose_covariance_modifier.PoseCovarianceModifier" />
    <testcase name="quality_contract_rejects_missing_status" status="run" result="completed" time="0.089" timestamp="2026-08-10T01:30:16" classname="autoware_pose_covariance_modifier.PoseCovarianceModifier" />
    <testcase name="quality_contract_accepts_fixed_and_applies_covariance_floor" status="run" result="completed" time="0.12" timestamp="2026-08-10T01:30:16" classname="autoware_pose_covariance_modifier.PoseCovarianceModifier" />
    <testcase name="quality_contract_preserves_distinct_float_and_spp_weight" status="run" result="completed" time="0.187" timestamp="2026-08-10T01:30:16" classname="autoware_pose_covariance_modifier.PoseCovarianceModifier" />
    <testcase name="quality_contract_rejects_nofix_unknown_and_not_used" status="run" result="completed" time="0.254" timestamp="2026-08-10T01:30:16" classname="autoware_pose_covariance_modifier.PoseCovarianceModifier" />
    <testcase name="quality_contract_rejects_stale_status" status="run" result="completed" time="0.122" timestamp="2026-08-10T01:30:16" classname="autoware_pose_covariance_modifier.PoseCovarianceModifier" />
    <testcase name="quality_contract_can_disable_weak_solution_classes" status="run" result="completed" time="0.185" timestamp="2026-08-10T01:30:17" classname="autoware_pose_covariance_modifier.PoseCovarianceModifier" />
    <testcase name="gnss_subscription_depth_defaults_to_official_ten" status="run" result="completed" time="0.026" timestamp="2026-08-10T01:30:17" classname="autoware_pose_covariance_modifier.PoseCovarianceModifier" />
    <testcase name="gnss_subscription_depth_must_be_positive" status="run" result="completed" time="0.015" timestamp="2026-08-10T01:30:17" classname="autoware_pose_covariance_modifier.PoseCovarianceModifier" />
    <testcase name="depth_one_discards_stale_gnss_backlog_and_keeps_latest" status="run" result="completed" time="0.156" timestamp="2026-08-10T01:30:17" classname="autoware_pose_covariance_modifier.PoseCovarianceModifier" />
    <testcase name="official_policy_preserves_yaw_and_z_boundaries" status="run" result="completed" time="0.153" timestamp="2026-08-10T01:30:17" classname="autoware_pose_covariance_modifier.PoseCovarianceModifier" />
    <testcase name="ndt_primary_publishes_trusted_gnss_and_unmodified_ndt" status="run" result="completed" time="0.09" timestamp="2026-08-10T01:30:17" classname="autoware_pose_covariance_modifier.PoseCovarianceModifier" />
    <testcase name="ndt_primary_never_publishes_gnss_only" status="run" result="completed" time="0.089" timestamp="2026-08-10T01:30:17" classname="autoware_pose_covariance_modifier.PoseCovarianceModifier" />
    <testcase name="ndt_primary_rejects_untrusted_and_stale_gnss" status="run" result="completed" time="0.195" timestamp="2026-08-10T01:30:17" classname="autoware_pose_covariance_modifier.PoseCovarianceModifier" />
    <testcase name="ndt_and_gnss_use_independent_source_age_budgets" status="run" result="completed" time="0.487" timestamp="2026-08-10T01:30:17" classname="autoware_pose_covariance_modifier.PoseCovarianceModifier" />
    <testcase name="ndt_freshness_uses_its_own_longer_age_budget" status="run" result="completed" time="0.161" timestamp="2026-08-10T01:30:18" classname="autoware_pose_covariance_modifier.PoseCovarianceModifier" />
    <testcase name="qualified_gnss_ins_heading_is_an_opt_in_yaw_observation" status="run" result="completed" time="0.121" timestamp="2026-08-10T01:30:18" classname="autoware_pose_covariance_modifier.PoseCovarianceModifier" />
    <testcase name="gnss_ins_heading_defaults_to_disabled" status="run" result="completed" time="0.121" timestamp="2026-08-10T01:30:18" classname="autoware_pose_covariance_modifier.PoseCovarianceModifier" />
    <testcase name="ndt_primary_rejects_invalid_covariance" status="run" result="completed" time="0.358" timestamp="2026-08-10T01:30:18" classname="autoware_pose_covariance_modifier.PoseCovarianceModifier" />
    <testcase name="ndt_primary_rejects_invalid_horizontal_covariance_matrix" status="run" result="completed" time="0.121" timestamp="2026-08-10T01:30:19" classname="autoware_pose_covariance_modifier.PoseCovarianceModifier" />
    <testcase name="ndt_primary_position_keeps_xy_and_removes_inertial_yaw" status="run" result="completed" time="0.09" timestamp="2026-08-10T01:30:19" classname="autoware_pose_covariance_modifier.PoseCovarianceModifier" />
    <testcase name="component_gated_height_publishes_independent_xy_and_z_measurements" status="run" result="completed" time="0.09" timestamp="2026-08-10T01:30:19" classname="autoware_pose_covariance_modifier.PoseCovarianceModifier" />
    <testcase name="component_gated_height_survives_xy_rejection_without_gnss_yaw" status="run" result="completed" time="0.091" timestamp="2026-08-10T01:30:19" classname="autoware_pose_covariance_modifier.PoseCovarianceModifier" />
    <testcase name="ndt_control_master_switch_suppresses_xy_and_height" status="run" result="completed" time="0.089" timestamp="2026-08-10T01:30:19" classname="autoware_pose_covariance_modifier.PoseCovarianceModifier" />
    <testcase name="ndt_primary_position_never_publishes_gnss_only_or_bad_xy" status="run" result="completed" time="0.12" timestamp="2026-08-10T01:30:19" classname="autoware_pose_covariance_modifier.PoseCovarianceModifier" />
    <testcase name="ndt_control_uses_same_path_but_disables_only_gnss_updates" status="run" result="completed" time="0.089" timestamp="2026-08-10T01:30:19" classname="autoware_pose_covariance_modifier.PoseCovarianceModifier" />
    <testcase name="cross_source_nis_soft_gate_uses_both_source_covariances" status="run" result="completed" time="0.089" timestamp="2026-08-10T01:30:19" classname="autoware_pose_covariance_modifier.PoseCovarianceModifier" />
    <testcase name="cross_source_nis_hard_gate_distinguishes_confidence" status="run" result="completed" time="0.179" timestamp="2026-08-10T01:30:19" classname="autoware_pose_covariance_modifier.PoseCovarianceModifier" />
    <testcase name="ndt_primary_position_accepts_gnss_after_initialized_ndt_times_out" status="run" result="completed" time="0.158" timestamp="2026-08-10T01:30:20" classname="autoware_pose_covariance_modifier.PoseCovarianceModifier" />
    <testcase name="independent_xy_and_height_continue_after_initialized_ndt_times_out" status="run" result="completed" time="0.184" timestamp="2026-08-10T01:30:20" classname="autoware_pose_covariance_modifier.PoseCovarianceModifier" />
    <testcase name="guarded_xy_and_independent_height_are_separable_after_ndt_timeout" status="run" result="completed" time="0.165" timestamp="2026-08-10T01:30:20" classname="autoware_pose_covariance_modifier.PoseCovarianceModifier" />
    <testcase name="ndt_primary_position_guard_rejects_gnss_after_ndt_times_out" status="run" result="completed" time="0.161" timestamp="2026-08-10T01:30:20" classname="autoware_pose_covariance_modifier.PoseCovarianceModifier" />
    <testcase name="ndt_primary_position_guard_rejects_source_time_mismatch" status="run" result="completed" time="0.09" timestamp="2026-08-10T01:30:20" classname="autoware_pose_covariance_modifier.PoseCovarianceModifier" />
    <testcase name="ndt_primary_position_guard_accepts_fresh_aligned_gnss" status="run" result="completed" time="0.09" timestamp="2026-08-10T01:30:20" classname="autoware_pose_covariance_modifier.PoseCovarianceModifier" />
    <testcase name="trusted_outage_bridge_requires_prior_cross_source_warmup" status="run" result="completed" time="0.255" timestamp="2026-08-10T01:30:20" classname="autoware_pose_covariance_modifier.PoseCovarianceModifier" />
    <testcase name="trusted_outage_bridge_is_bounded_and_inflates_covariance" status="run" result="completed" time="0.648" timestamp="2026-08-10T01:30:21" classname="autoware_pose_covariance_modifier.PoseCovarianceModifier" />
    <testcase name="trusted_outage_bridge_rejects_and_revokes_on_gnss_jump" status="run" result="completed" time="0.35" timestamp="2026-08-10T01:30:21" classname="autoware_pose_covariance_modifier.PoseCovarianceModifier" />
    <testcase name="trusted_outage_bridge_accepts_eight_of_ten_recent_agreements" status="run" result="completed" time="0.766" timestamp="2026-08-10T01:30:22" classname="autoware_pose_covariance_modifier.PoseCovarianceModifier" />
    <testcase name="trusted_outage_bridge_rejects_seven_of_ten_recent_agreements" status="run" result="completed" time="0.764" timestamp="2026-08-10T01:30:23" classname="autoware_pose_covariance_modifier.PoseCovarianceModifier" />
    <testcase name="ndt_primary_position_rejects_large_ndt_innovation" status="run" result="completed" time="0.122" timestamp="2026-08-10T01:30:23" classname="autoware_pose_covariance_modifier.PoseCovarianceModifier" />
    <testcase name="ndt_primary_position_motion_compensates_only_innovation_gate" status="run" result="completed" time="0.24" timestamp="2026-08-10T01:30:23" classname="autoware_pose_covariance_modifier.PoseCovarianceModifier" />
    <testcase name="ndt_primary_position_soft_gate_only_inflates_gnss_xy_covariance" status="run" result="completed" time="0.089" timestamp="2026-08-10T01:30:24" classname="autoware_pose_covariance_modifier.PoseCovarianceModifier" />
    <testcase name="ndt_primary_position_soft_gate_retains_hard_outer_limit" status="run" result="completed" time="0.089" timestamp="2026-08-10T01:30:24" classname="autoware_pose_covariance_modifier.PoseCovarianceModifier" />
    <testcase name="causal_conflict_filter_requires_agreement_warmup" status="run" result="completed" time="0.217" timestamp="2026-08-10T01:30:24" classname="autoware_pose_covariance_modifier.PoseCovarianceModifier" />
    <testcase name="causal_conflict_filter_locks_out_startup_false_fix" status="run" result="completed" time="0.344" timestamp="2026-08-10T01:30:24" classname="autoware_pose_covariance_modifier.PoseCovarianceModifier" />
    <testcase name="causal_conflict_filter_allows_bounded_ndt_jump" status="run" result="completed" time="0.279" timestamp="2026-08-10T01:30:24" classname="autoware_pose_covariance_modifier.PoseCovarianceModifier" />
    <testcase name="causal_conflict_filter_rejects_and_latches_gnss_jump" status="run" result="completed" time="0.346" timestamp="2026-08-10T01:30:25" classname="autoware_pose_covariance_modifier.PoseCovarianceModifier" />
  </testsuite>
</testsuites>
